#
# There is insufficient memory for the Java Runtime Environment to continue.
# Native memory allocation (malloc) failed to allocate 49984 bytes for Chunk::new
# Possible reasons:
#   The system is out of physical RAM or swap space
#   The process is running with CompressedOops enabled, and the Java Heap may be blocking the growth of the native heap
# Possible solutions:
#   Reduce memory load on the system
#   Increase physical memory or swap space
#   Check if swap backing store is full
#   Decrease Java heap size (-Xmx/-Xms)
#   Decrease number of Java threads
#   Decrease Java thread stack sizes (-Xss)
#   Set larger code cache with -XX:ReservedCodeCacheSize=
#   JVM is running with Unscaled Compressed Oops mode in which the Java heap is
#     placed in the first 4GB address space. The Java Heap base address is the
#     maximum limit for the native heap growth. Please use -XX:HeapBaseMinAddress
#     to set the Java Heap base and to place the Java Heap above 4GB virtual address.
# This output file may be truncated or incomplete.
#
#  Out of Memory Error (arena.cpp:191), pid=18096, tid=6624
#
# JRE version: OpenJDK Runtime Environment JBR-17.0.10+1-1087.17-jcef (17.0.10+1) (build 17.0.10+1-b1087.17)
# Java VM: OpenJDK 64-Bit Server VM JBR-17.0.10+1-1087.17-jcef (17.0.10+1-b1087.17, mixed mode, tiered, compressed oops, compressed class ptrs, g1 gc, windows-amd64)
# No core dump will be written. Minidumps are not enabled by default on client versions of Windows
#

---------------  S U M M A R Y ------------

Command Line: -Djava.rmi.server.hostname=127.0.0.1 -Duser.timezone=UTC -Xmx2048m -Xms128m -Djdbc.classpath=C:\Bureau\clonne\Nouveau dossier\IntelliJ IDEA 2023.3.4\plugins\DatabaseTools\lib\jdbc-console.jar;C:\Users\user\AppData\Roaming\JetBrains\IntelliJIdea2023.3\jdbc-drivers\PostgreSQL\42.6.0\org\postgresql\postgresql\42.6.0\postgresql-42.6.0.jar;C:\Users\user\AppData\Roaming\JetBrains\IntelliJIdea2023.3\jdbc-drivers\PostgreSQL\42.6.0\org\checkerframework\checker-qual\3.31.0\checker-qual-3.31.0.jar;C:\Users\user\AppData\Roaming\JetBrains\IntelliJIdea2023.3\jdbc-drivers\PostgreSQL\42.6.0\com\github\waffle\waffle-jna\1.9.1\waffle-jna-1.9.1.jar;C:\Users\user\AppData\Roaming\JetBrains\IntelliJIdea2023.3\jdbc-drivers\PostgreSQL\42.6.0\net\java\dev\jna\jna\4.5.1\jna-4.5.1.jar;C:\Users\user\AppData\Roaming\JetBrains\IntelliJIdea2023.3\jdbc-drivers\PostgreSQL\42.6.0\net\java\dev\jna\jna-platform\4.5.1\jna-platform-4.5.1.jar;C:\Users\user\AppData\Roaming\JetBrains\IntelliJIdea2023.3\jdbc-drivers\PostgreSQL\42.6.0\org\slf4j\jcl-over-slf4j\1.7.25\jcl-over-slf4j-1.7.25.jar;C:\Users\user\AppData\Roaming\JetBrains\IntelliJIdea2023.3\jdbc-drivers\PostgreSQL\42.6.0\org\slf4j\slf4j-api\1.7.25\slf4j-api-1.7.25.jar;C:\Users\user\AppData\Roaming\JetBrains\IntelliJIdea2023.3\jdbc-drivers\PostgreSQL\42.6.0\com\github\ben-manes\caffeine\caffeine\2.6.2\caffeine-2.6.2.jar --add-exports=java.desktop/sun.awt=ALL-UNNAMED --add-exports=java.desktop/java.awt.peer=ALL-UNNAMED --add-opens=java.desktop/java.awt=ALL-UNNAMED --add-opens=jdk.unsupported/sun.misc=ALL-UNNAMED --add-opens=java.base/java.nio=ALL-UNNAMED --add-opens=java.base/java.util=ALL-UNNAMED -Dfile.encoding=UTF-8 com.intellij.database.remote.RemoteJdbcServer org.postgresql.Driver

Host: Intel(R) Celeron(R) J4105 CPU @ 1.50GHz, 4 cores, 7G,  Windows 11 , 64 bit Build 22621 (10.0.22621.3374)
Time: Sun Apr 14 14:35:54 2024 Paris, Madrid (heure duild 22621 (10.0.22621.3374) elapsed time: 30.866443 seconds (0d 0h 0m 30s)

---------------  T H R E A D  ---------------

Current thread (0x00000273f86ca430):  JavaThread "C2 CompilerThread0" daemon [_thread_in_native, id=6624, stack(0x000000f841b00000,0x000000f841c00000)]


Current CompileTask:
C2:  30867 1884   !   4       com.sun.crypto.provider.PBKDF2KeyImpl::deriveKey (302 bytes)

Stack: [0x000000f841b00000,0x000000f841c00000]
Native frames: (J=compiled Java code, j=interpreted, Vv=VM code, C=native code)
V  [jvm.dll+0x688ac9]
V  [jvm.dll+0x84220a]
V  [jvm.dll+0x843e4e]
V  [jvm.dll+0x8444b3]
V  [jvm.dll+0x24ba8f]
V  [jvm.dll+0xac524]
V  [jvm.dll+0xacb6c]
V  [jvm.dll+0x7a09f4]
V  [jvm.dll+0x58b362]
V  [jvm.dll+0x588f20]
V  [jvm.dll+0x588bdd]
V  [jvm.dll+0x588ac0]
V  [jvm.dll+0x588c49]
V  [jvm.dll+0x588c49]
V  [jvm.dll+0x588c49]
V  [jvm.dll+0x588c49]
V  [jvm.dll+0x588c49]
V  [jvm.dll+0x588c49]
V  [jvm.dll+0x588c49]
V  [jvm.dll+0x588c49]
V  [jvm.dll+0x588c49]
V  [jvm.dll+0x588c49]
V  [jvm.dll+0x588c49]
V  [jvm.dll+0x588c49]
V  [jvm.dll+0x588c49]
V  [jvm.dll+0x588c49]
V  [jvm.dll+0x588c49]
V  [jvm.dll+0x588c49]
V  [jvm.dll+0x588c49]
V  [jvm.dll+0x588c49]
V  [jvm.dll+0x588c49]
V  [jvm.dll+0x588c49]
V  [jvm.dll+0x588c49]
V  [jvm.dll+0x588c49]
V  [jvm.dll+0x588c49]
V  [jvm.dll+0x588c49]
V  [jvm.dll+0x588c49]
V  [jvm.dll+0x588ac0]
V  [jvm.dll+0x588ac0]
V  [jvm.dll+0x590814]
V  [jvm.dll+0x226102]
V  [jvm.dll+0x2264ef]
V  [jvm.dll+0x21f616]
V  [jvm.dll+0x21ca61]
V  [jvm.dll+0x1a603d]
V  [jvm.dll+0x22ca18]
V  [jvm.dll+0x22ab50]
V  [jvm.dll+0x7f6687]
V  [jvm.dll+0x7f0a8a]
V  [jvm.dll+0x687945]
C  [ucrtbase.dll+0x29333]
C  [KERNEL32.DLL+0x1257d]
C  [ntdll.dll+0x5aa48]


---------------  P R O C E S S  ---------------

Threads class SMR info:
_java_thread_list=0x00000273fda2cd40, length=24, elements={
0x00000273edcbdc20, 0x00000273f86a3020, 0x00000273f86a3ab0, 0x00000273f8556420,
0x00000273f86c2230, 0x00000273f86c2710, 0x00000273f86c4c00, 0x00000273f86ca430,
0x00000273f86cb780, 0x00000273f86cbca0, 0x00000273f8852cd0, 0x00000273f88531b0,
0x00000273fd0d6dd0, 0x00000273f896ef20, 0x00000273fd0fec80, 0x00000273fd124030,
0x00000273fd0cfd30, 0x00000273fd2495a0, 0x00000273fd2b6440, 0x00000273fd24fcb0,
0x00000273fd252a60, 0x00000273fd251110, 0x00000273fd251620, 0x00000273ffb4b010
}

Java Threads: ( => current thread )
  0x00000273edcbdc20 JavaThread "main" [_thread_blocked, id=18252, stack(0x000000f840e00000,0x000000f840f00000)]
  0x00000273f86a3020 JavaThread "Reference Handler" daemon [_thread_blocked, id=15856, stack(0x000000f841500000,0x000000f841600000)]
  0x00000273f86a3ab0 JavaThread "Finalizer" daemon [_thread_blocked, id=4448, stack(0x000000f841600000,0x000000f841700000)]
  0x00000273f8556420 JavaThread "Signal Dispatcher" daemon [_thread_blocked, id=10772, stack(0x000000f841700000,0x000000f841800000)]
  0x00000273f86c2230 JavaThread "Attach Listener" daemon [_thread_blocked, id=980, stack(0x000000f841800000,0x000000f841900000)]
  0x00000273f86c2710 JavaThread "Service Thread" daemon [_thread_blocked, id=9052, stack(0x000000f841900000,0x000000f841a00000)]
  0x00000273f86c4c00 JavaThread "Monitor Deflation Thread" daemon [_thread_blocked, id=7116, stack(0x000000f841a00000,0x000000f841b00000)]
=>0x00000273f86ca430 JavaThread "C2 CompilerThread0" daemon [_thread_in_native, id=6624, stack(0x000000f841b00000,0x000000f841c00000)]
  0x00000273f86cb780 JavaThread "C1 CompilerThread0" daemon [_thread_blocked, id=3088, stack(0x000000f841c00000,0x000000f841d00000)]
  0x00000273f86cbca0 JavaThread "Sweeper thread" daemon [_thread_blocked, id=15300, stack(0x000000f841d00000,0x000000f841e00000)]
  0x00000273f8852cd0 JavaThread "Common-Cleaner" daemon [_thread_blocked, id=13212, stack(0x000000f841e00000,0x000000f841f00000)]
  0x00000273f88531b0 JavaThread "Notification Thread" daemon [_thread_blocked, id=8184, stack(0x000000f841f00000,0x000000f842000000)]
  0x00000273fd0d6dd0 JavaThread "RMI TCP Accept-28715" daemon [_thread_in_native, id=4632, stack(0x000000f842100000,0x000000f842200000)]
  0x00000273f896ef20 JavaThread "RMI TCP Accept-0" daemon [_thread_in_native, id=11820, stack(0x000000f842200000,0x000000f842300000)]
  0x00000273fd0fec80 JavaThread "RMI Reaper" [_thread_blocked, id=12788, stack(0x000000f842300000,0x000000f842400000)]
  0x00000273fd124030 JavaThread "RMI GC Daemon" daemon [_thread_blocked, id=14200, stack(0x000000f842400000,0x000000f842500000)]
  0x00000273fd0cfd30 JavaThread "RMI TCP Connection(idle)" daemon [_thread_blocked, id=15048, stack(0x000000f842500000,0x000000f842600000)]
  0x00000273fd2495a0 JavaThread "RMI TCP Connection(2)-127.0.0.1" daemon [_thread_in_native, id=13948, stack(0x000000f842600000,0x000000f842700000)]
  0x00000273fd2b6440 JavaThread "RMI TCP Connection(3)-127.0.0.1" daemon [_thread_in_native, id=1928, stack(0x000000f842700000,0x000000f842800000)]
  0x00000273fd24fcb0 JavaThread "RMI TCP Connection(4)-127.0.0.1" daemon [_thread_in_native_trans, id=16084, stack(0x000000f842800000,0x000000f842900000)]
  0x00000273fd252a60 JavaThread "RMI Scheduler(0)" daemon [_thread_blocked, id=11244, stack(0x000000f842900000,0x000000f842a00000)]
  0x00000273fd251110 JavaThread "RMI RenewClean-[127.0.0.1:60675]" daemon [_thread_blocked, id=14120, stack(0x000000f842a00000,0x000000f842b00000)]
  0x00000273fd251620 JavaThread "PostgreSQL-JDBC-Cleaner" daemon [_thread_blocked, id=12820, stack(0x000000f843100000,0x000000f843200000)]
  0x00000273ffb4b010 JavaThread "C2 CompilerThread1" daemon [_thread_in_native, id=15636, stack(0x000000f843000000,0x000000f843100000)]

Other Threads:
  0x00000273f8540bd0 VMThread "VM Thread" [stack: 0x000000f841400000,0x000000f841500000] [id=13972]
  0x00000273f8853690 WatcherThread [stack: 0x000000f842000000,0x000000f842100000] [id=13332]
  0x00000273edd19280 GCTaskThread "GC Thread#0" [stack: 0x000000f840f00000,0x000000f841000000] [id=1572]
  0x00000273fd313d20 GCTaskThread "GC Thread#1" [stack: 0x000000f842b00000,0x000000f842c00000] [id=9828]
  0x00000273fd6b63a0 GCTaskThread "GC Thread#2" [stack: 0x000000f842c00000,0x000000f842d00000] [id=18296]
  0x00000273fd733be0 GCTaskThread "GC Thread#3" [stack: 0x000000f842d00000,0x000000f842e00000] [id=16308]
  0x00000273edd2b1e0 ConcurrentGCThread "G1 Main Marker" [stack: 0x000000f841000000,0x000000f841100000] [id=2564]
  0x00000273edd2bc00 ConcurrentGCThread "G1 Conc#0" [stack: 0x000000f841100000,0x000000f841200000] [id=9308]
  0x00000273f83964e0 ConcurrentGCThread "G1 Refine#0" [stack: 0x000000f841200000,0x000000f841300000] [id=17352]
  0x00000273fd67f460 ConcurrentGCThread "G1 Refine#1" [stack: 0x000000f842e00000,0x000000f842f00000] [id=18148]
  0x00000273f8398a40 ConcurrentGCThread "G1 Service" [stack: 0x000000f841300000,0x000000f841400000] [id=16484]

Threads with active compile tasks:
C2 CompilerThread0    31032 1884   !   4       com.sun.crypto.provider.PBKDF2KeyImpl::deriveKey (302 bytes)
C2 CompilerThread1    31033 1972       4       java.io.ObjectInputStream$PeekInputStream::read (115 bytes)

VM state: not at safepoint (normal execution)

VM Mutex/Monitor currently owned by a thread: None

Heap address: 0x0000000080000000, size: 2048 MB, Compressed Oops mode: 32-bit

CDS archive(s) not mapped
Compressed class space mapped at: 0x0000000100000000-0x0000000140000000, reserved size: 1073741824
Narrow klass base: 0x0000000000000000, Narrow klass shift: 3, Narrow klass range: 0x140000000

GC Precious Log:
 CPUs: 4 total, 4 available
 Memory: 7840M
 Large Page Support: Disabled
 NUMA Support: Disabled
 Compressed Oops: Enabled (32-bit)
 Heap Region Size: 1M
 Heap Min Capacity: 128M
 Heap Initial Capacity: 128M
 Heap Max Capacity: 2G
 Pre-touch: Disabled
 Parallel Workers: 4
 Concurrent Workers: 1
 Concurrent Refinement Workers: 4
 Periodic GC: Disabled

Heap:
 garbage-first heap   total 131072K, used 18219K [0x0000000080000000, 0x0000000100000000)
  region size 1024K, 12 young (12288K), 2 survivors (2048K)
 Metaspace       used 19868K, committed 20160K, reserved 1114112K
  class space    used 2035K, committed 2176K, reserved 1048576K

Heap Regions: E=young(eden), S=young(survivor), O=old, HS=humongous(starts), HC=humongous(continues), CS=collection set, F=free, OA=open archive, CA=closed archive, TAMS=top-at-mark-start (previous, next)
|   0|0x0000000080000000, 0x0000000080100000, 0x0000000080100000|100%|HS|  |TAMS 0x0000000080000000, 0x0000000080000000| Complete 
|   1|0x0000000080100000, 0x0000000080200000, 0x0000000080200000|100%|HC|  |TAMS 0x0000000080100000, 0x0000000080100000| Complete 
|   2|0x0000000080200000, 0x0000000080300000, 0x0000000080300000|100%|HC|  |TAMS 0x0000000080200000, 0x0000000080200000| Complete 
|   3|0x0000000080300000, 0x0000000080400000, 0x0000000080400000|100%| O|  |TAMS 0x0000000080300000, 0x0000000080300000| Untracked 
|   4|0x0000000080400000, 0x0000000080500000, 0x0000000080500000|100%| O|  |TAMS 0x0000000080400000, 0x0000000080400000| Untracked 
|   5|0x0000000080500000, 0x0000000080600000, 0x0000000080600000|100%| O|  |TAMS 0x0000000080500000, 0x0000000080500000| Untracked 
|   6|0x0000000080600000, 0x0000000080700000, 0x0000000080700000|100%| O|  |TAMS 0x0000000080600000, 0x0000000080600000| Untracked 
|   7|0x0000000080700000, 0x0000000080713c00, 0x0000000080800000|  7%| O|  |TAMS 0x0000000080700000, 0x0000000080700000| Untracked 
|   8|0x0000000080800000, 0x0000000080800000, 0x0000000080900000|  0%| F|  |TAMS 0x0000000080800000, 0x0000000080800000| Untracked 
|   9|0x0000000080900000, 0x0000000080900000, 0x0000000080a00000|  0%| F|  |TAMS 0x0000000080900000, 0x0000000080900000| Untracked 
|  10|0x0000000080a00000, 0x0000000080a00000, 0x0000000080b00000|  0%| F|  |TAMS 0x0000000080a00000, 0x0000000080a00000| Untracked 
|  11|0x0000000080b00000, 0x0000000080b00000, 0x0000000080c00000|  0%| F|  |TAMS 0x0000000080b00000, 0x0000000080b00000| Untracked 
|  12|0x0000000080c00000, 0x0000000080c00000, 0x0000000080d00000|  0%| F|  |TAMS 0x0000000080c00000, 0x0000000080c00000| Untracked 
|  13|0x0000000080d00000, 0x0000000080d00000, 0x0000000080e00000|  0%| F|  |TAMS 0x0000000080d00000, 0x0000000080d00000| Untracked 
|  14|0x0000000080e00000, 0x0000000080e00000, 0x0000000080f00000|  0%| F|  |TAMS 0x0000000080e00000, 0x0000000080e00000| Untracked 
|  15|0x0000000080f00000, 0x0000000080f00000, 0x0000000081000000|  0%| F|  |TAMS 0x0000000080f00000, 0x0000000080f00000| Untracked 
|  16|0x0000000081000000, 0x0000000081000000, 0x0000000081100000|  0%| F|  |TAMS 0x0000000081000000, 0x0000000081000000| Untracked 
|  17|0x0000000081100000, 0x0000000081100000, 0x0000000081200000|  0%| F|  |TAMS 0x0000000081100000, 0x0000000081100000| Untracked 
|  18|0x0000000081200000, 0x0000000081200000, 0x0000000081300000|  0%| F|  |TAMS 0x0000000081200000, 0x0000000081200000| Untracked 
|  19|0x0000000081300000, 0x0000000081300000, 0x0000000081400000|  0%| F|  |TAMS 0x0000000081300000, 0x0000000081300000| Untracked 
|  20|0x0000000081400000, 0x0000000081400000, 0x0000000081500000|  0%| F|  |TAMS 0x0000000081400000, 0x0000000081400000| Untracked 
|  21|0x0000000081500000, 0x0000000081500000, 0x0000000081600000|  0%| F|  |TAMS 0x0000000081500000, 0x0000000081500000| Untracked 
|  22|0x0000000081600000, 0x0000000081600000, 0x0000000081700000|  0%| F|  |TAMS 0x0000000081600000, 0x0000000081600000| Untracked 
|  23|0x0000000081700000, 0x0000000081700000, 0x0000000081800000|  0%| F|  |TAMS 0x0000000081700000, 0x0000000081700000| Untracked 
|  24|0x0000000081800000, 0x0000000081800000, 0x0000000081900000|  0%| F|  |TAMS 0x0000000081800000, 0x0000000081800000| Untracked 
|  25|0x0000000081900000, 0x0000000081900000, 0x0000000081a00000|  0%| F|  |TAMS 0x0000000081900000, 0x0000000081900000| Untracked 
|  26|0x0000000081a00000, 0x0000000081a00000, 0x0000000081b00000|  0%| F|  |TAMS 0x0000000081a00000, 0x0000000081a00000| Untracked 
|  27|0x0000000081b00000, 0x0000000081b00000, 0x0000000081c00000|  0%| F|  |TAMS 0x0000000081b00000, 0x0000000081b00000| Untracked 
|  28|0x0000000081c00000, 0x0000000081c00000, 0x0000000081d00000|  0%| F|  |TAMS 0x0000000081c00000, 0x0000000081c00000| Untracked 
|  29|0x0000000081d00000, 0x0000000081d00000, 0x0000000081e00000|  0%| F|  |TAMS 0x0000000081d00000, 0x0000000081d00000| Untracked 
|  30|0x0000000081e00000, 0x0000000081e00000, 0x0000000081f00000|  0%| F|  |TAMS 0x0000000081e00000, 0x0000000081e00000| Untracked 
|  31|0x0000000081f00000, 0x0000000081f00000, 0x0000000082000000|  0%| F|  |TAMS 0x0000000081f00000, 0x0000000081f00000| Untracked 
|  32|0x0000000082000000, 0x0000000082000000, 0x0000000082100000|  0%| F|  |TAMS 0x0000000082000000, 0x0000000082000000| Untracked 
|  33|0x0000000082100000, 0x0000000082100000, 0x0000000082200000|  0%| F|  |TAMS 0x0000000082100000, 0x0000000082100000| Untracked 
|  34|0x0000000082200000, 0x0000000082200000, 0x0000000082300000|  0%| F|  |TAMS 0x0000000082200000, 0x0000000082200000| Untracked 
|  35|0x0000000082300000, 0x0000000082300000, 0x0000000082400000|  0%| F|  |TAMS 0x0000000082300000, 0x0000000082300000| Untracked 
|  36|0x0000000082400000, 0x0000000082400000, 0x0000000082500000|  0%| F|  |TAMS 0x0000000082400000, 0x0000000082400000| Untracked 
|  37|0x0000000082500000, 0x0000000082500000, 0x0000000082600000|  0%| F|  |TAMS 0x0000000082500000, 0x0000000082500000| Untracked 
|  38|0x0000000082600000, 0x0000000082600000, 0x0000000082700000|  0%| F|  |TAMS 0x0000000082600000, 0x0000000082600000| Untracked 
|  39|0x0000000082700000, 0x0000000082700000, 0x0000000082800000|  0%| F|  |TAMS 0x0000000082700000, 0x0000000082700000| Untracked 
|  40|0x0000000082800000, 0x0000000082800000, 0x0000000082900000|  0%| F|  |TAMS 0x0000000082800000, 0x0000000082800000| Untracked 
|  41|0x0000000082900000, 0x0000000082900000, 0x0000000082a00000|  0%| F|  |TAMS 0x0000000082900000, 0x0000000082900000| Untracked 
|  42|0x0000000082a00000, 0x0000000082a00000, 0x0000000082b00000|  0%| F|  |TAMS 0x0000000082a00000, 0x0000000082a00000| Untracked 
|  43|0x0000000082b00000, 0x0000000082b00000, 0x0000000082c00000|  0%| F|  |TAMS 0x0000000082b00000, 0x0000000082b00000| Untracked 
|  44|0x0000000082c00000, 0x0000000082c00000, 0x0000000082d00000|  0%| F|  |TAMS 0x0000000082c00000, 0x0000000082c00000| Untracked 
|  45|0x0000000082d00000, 0x0000000082d00000, 0x0000000082e00000|  0%| F|  |TAMS 0x0000000082d00000, 0x0000000082d00000| Untracked 
|  46|0x0000000082e00000, 0x0000000082e00000, 0x0000000082f00000|  0%| F|  |TAMS 0x0000000082e00000, 0x0000000082e00000| Untracked 
|  47|0x0000000082f00000, 0x0000000082f00000, 0x0000000083000000|  0%| F|  |TAMS 0x0000000082f00000, 0x0000000082f00000| Untracked 
|  48|0x0000000083000000, 0x0000000083000000, 0x0000000083100000|  0%| F|  |TAMS 0x0000000083000000, 0x0000000083000000| Untracked 
|  49|0x0000000083100000, 0x0000000083100000, 0x0000000083200000|  0%| F|  |TAMS 0x0000000083100000, 0x0000000083100000| Untracked 
|  50|0x0000000083200000, 0x0000000083200000, 0x0000000083300000|  0%| F|  |TAMS 0x0000000083200000, 0x0000000083200000| Untracked 
|  51|0x0000000083300000, 0x0000000083300000, 0x0000000083400000|  0%| F|  |TAMS 0x0000000083300000, 0x0000000083300000| Untracked 
|  52|0x0000000083400000, 0x0000000083400000, 0x0000000083500000|  0%| F|  |TAMS 0x0000000083400000, 0x0000000083400000| Untracked 
|  53|0x0000000083500000, 0x0000000083500000, 0x0000000083600000|  0%| F|  |TAMS 0x0000000083500000, 0x0000000083500000| Untracked 
|  54|0x0000000083600000, 0x0000000083600000, 0x0000000083700000|  0%| F|  |TAMS 0x0000000083600000, 0x0000000083600000| Untracked 
|  55|0x0000000083700000, 0x0000000083700000, 0x0000000083800000|  0%| F|  |TAMS 0x0000000083700000, 0x0000000083700000| Untracked 
|  56|0x0000000083800000, 0x0000000083800000, 0x0000000083900000|  0%| F|  |TAMS 0x0000000083800000, 0x0000000083800000| Untracked 
|  57|0x0000000083900000, 0x0000000083900000, 0x0000000083a00000|  0%| F|  |TAMS 0x0000000083900000, 0x0000000083900000| Untracked 
|  58|0x0000000083a00000, 0x0000000083a00000, 0x0000000083b00000|  0%| F|  |TAMS 0x0000000083a00000, 0x0000000083a00000| Untracked 
|  59|0x0000000083b00000, 0x0000000083b00000, 0x0000000083c00000|  0%| F|  |TAMS 0x0000000083b00000, 0x0000000083b00000| Untracked 
|  60|0x0000000083c00000, 0x0000000083c00000, 0x0000000083d00000|  0%| F|  |TAMS 0x0000000083c00000, 0x0000000083c00000| Untracked 
|  61|0x0000000083d00000, 0x0000000083d00000, 0x0000000083e00000|  0%| F|  |TAMS 0x0000000083d00000, 0x0000000083d00000| Untracked 
|  62|0x0000000083e00000, 0x0000000083e00000, 0x0000000083f00000|  0%| F|  |TAMS 0x0000000083e00000, 0x0000000083e00000| Untracked 
|  63|0x0000000083f00000, 0x0000000083f00000, 0x0000000084000000|  0%| F|  |TAMS 0x0000000083f00000, 0x0000000083f00000| Untracked 
|  64|0x0000000084000000, 0x0000000084000000, 0x0000000084100000|  0%| F|  |TAMS 0x0000000084000000, 0x0000000084000000| Untracked 
|  65|0x0000000084100000, 0x0000000084100000, 0x0000000084200000|  0%| F|  |TAMS 0x0000000084100000, 0x0000000084100000| Untracked 
|  66|0x0000000084200000, 0x0000000084200000, 0x0000000084300000|  0%| F|  |TAMS 0x0000000084200000, 0x0000000084200000| Untracked 
|  67|0x0000000084300000, 0x0000000084300000, 0x0000000084400000|  0%| F|  |TAMS 0x0000000084300000, 0x0000000084300000| Untracked 
|  68|0x0000000084400000, 0x0000000084400000, 0x0000000084500000|  0%| F|  |TAMS 0x0000000084400000, 0x0000000084400000| Untracked 
|  69|0x0000000084500000, 0x0000000084500000, 0x0000000084600000|  0%| F|  |TAMS 0x0000000084500000, 0x0000000084500000| Untracked 
|  70|0x0000000084600000, 0x0000000084600000, 0x0000000084700000|  0%| F|  |TAMS 0x0000000084600000, 0x0000000084600000| Untracked 
|  71|0x0000000084700000, 0x0000000084700000, 0x0000000084800000|  0%| F|  |TAMS 0x0000000084700000, 0x0000000084700000| Untracked 
|  72|0x0000000084800000, 0x0000000084800000, 0x0000000084900000|  0%| F|  |TAMS 0x0000000084800000, 0x0000000084800000| Untracked 
|  73|0x0000000084900000, 0x0000000084900000, 0x0000000084a00000|  0%| F|  |TAMS 0x0000000084900000, 0x0000000084900000| Untracked 
|  74|0x0000000084a00000, 0x0000000084a00000, 0x0000000084b00000|  0%| F|  |TAMS 0x0000000084a00000, 0x0000000084a00000| Untracked 
|  75|0x0000000084b00000, 0x0000000084b00000, 0x0000000084c00000|  0%| F|  |TAMS 0x0000000084b00000, 0x0000000084b00000| Untracked 
|  76|0x0000000084c00000, 0x0000000084c00000, 0x0000000084d00000|  0%| F|  |TAMS 0x0000000084c00000, 0x0000000084c00000| Untracked 
|  77|0x0000000084d00000, 0x0000000084d00000, 0x0000000084e00000|  0%| F|  |TAMS 0x0000000084d00000, 0x0000000084d00000| Untracked 
|  78|0x0000000084e00000, 0x0000000084e00000, 0x0000000084f00000|  0%| F|  |TAMS 0x0000000084e00000, 0x0000000084e00000| Untracked 
|  79|0x0000000084f00000, 0x0000000084f00000, 0x0000000085000000|  0%| F|  |TAMS 0x0000000084f00000, 0x0000000084f00000| Untracked 
|  80|0x0000000085000000, 0x0000000085000000, 0x0000000085100000|  0%| F|  |TAMS 0x0000000085000000, 0x0000000085000000| Untracked 
|  81|0x0000000085100000, 0x0000000085100000, 0x0000000085200000|  0%| F|  |TAMS 0x0000000085100000, 0x0000000085100000| Untracked 
|  82|0x0000000085200000, 0x0000000085200000, 0x0000000085300000|  0%| F|  |TAMS 0x0000000085200000, 0x0000000085200000| Untracked 
|  83|0x0000000085300000, 0x0000000085300000, 0x0000000085400000|  0%| F|  |TAMS 0x0000000085300000, 0x0000000085300000| Untracked 
|  84|0x0000000085400000, 0x0000000085400000, 0x0000000085500000|  0%| F|  |TAMS 0x0000000085400000, 0x0000000085400000| Untracked 
|  85|0x0000000085500000, 0x0000000085500000, 0x0000000085600000|  0%| F|  |TAMS 0x0000000085500000, 0x0000000085500000| Untracked 
|  86|0x0000000085600000, 0x0000000085600000, 0x0000000085700000|  0%| F|  |TAMS 0x0000000085600000, 0x0000000085600000| Untracked 
|  87|0x0000000085700000, 0x0000000085700000, 0x0000000085800000|  0%| F|  |TAMS 0x0000000085700000, 0x0000000085700000| Untracked 
|  88|0x0000000085800000, 0x0000000085800000, 0x0000000085900000|  0%| F|  |TAMS 0x0000000085800000, 0x0000000085800000| Untracked 
|  89|0x0000000085900000, 0x0000000085900000, 0x0000000085a00000|  0%| F|  |TAMS 0x0000000085900000, 0x0000000085900000| Untracked 
|  90|0x0000000085a00000, 0x0000000085a00000, 0x0000000085b00000|  0%| F|  |TAMS 0x0000000085a00000, 0x0000000085a00000| Untracked 
|  91|0x0000000085b00000, 0x0000000085b00000, 0x0000000085c00000|  0%| F|  |TAMS 0x0000000085b00000, 0x0000000085b00000| Untracked 
|  92|0x0000000085c00000, 0x0000000085c00000, 0x0000000085d00000|  0%| F|  |TAMS 0x0000000085c00000, 0x0000000085c00000| Untracked 
|  93|0x0000000085d00000, 0x0000000085d00000, 0x0000000085e00000|  0%| F|  |TAMS 0x0000000085d00000, 0x0000000085d00000| Untracked 
|  94|0x0000000085e00000, 0x0000000085e00000, 0x0000000085f00000|  0%| F|  |TAMS 0x0000000085e00000, 0x0000000085e00000| Untracked 
|  95|0x0000000085f00000, 0x0000000085f00000, 0x0000000086000000|  0%| F|  |TAMS 0x0000000085f00000, 0x0000000085f00000| Untracked 
|  96|0x0000000086000000, 0x0000000086000000, 0x0000000086100000|  0%| F|  |TAMS 0x0000000086000000, 0x0000000086000000| Untracked 
|  97|0x0000000086100000, 0x0000000086100000, 0x0000000086200000|  0%| F|  |TAMS 0x0000000086100000, 0x0000000086100000| Untracked 
|  98|0x0000000086200000, 0x0000000086200000, 0x0000000086300000|  0%| F|  |TAMS 0x0000000086200000, 0x0000000086200000| Untracked 
|  99|0x0000000086300000, 0x0000000086300000, 0x0000000086400000|  0%| F|  |TAMS 0x0000000086300000, 0x0000000086300000| Untracked 
| 100|0x0000000086400000, 0x0000000086400000, 0x0000000086500000|  0%| F|  |TAMS 0x0000000086400000, 0x0000000086400000| Untracked 
| 101|0x0000000086500000, 0x0000000086500000, 0x0000000086600000|  0%| F|  |TAMS 0x0000000086500000, 0x0000000086500000| Untracked 
| 102|0x0000000086600000, 0x0000000086600000, 0x0000000086700000|  0%| F|  |TAMS 0x0000000086600000, 0x0000000086600000| Untracked 
| 103|0x0000000086700000, 0x0000000086700000, 0x0000000086800000|  0%| F|  |TAMS 0x0000000086700000, 0x0000000086700000| Untracked 
| 104|0x0000000086800000, 0x0000000086800000, 0x0000000086900000|  0%| F|  |TAMS 0x0000000086800000, 0x0000000086800000| Untracked 
| 105|0x0000000086900000, 0x0000000086900000, 0x0000000086a00000|  0%| F|  |TAMS 0x0000000086900000, 0x0000000086900000| Untracked 
| 106|0x0000000086a00000, 0x0000000086a00000, 0x0000000086b00000|  0%| F|  |TAMS 0x0000000086a00000, 0x0000000086a00000| Untracked 
| 107|0x0000000086b00000, 0x0000000086b00000, 0x0000000086c00000|  0%| F|  |TAMS 0x0000000086b00000, 0x0000000086b00000| Untracked 
| 108|0x0000000086c00000, 0x0000000086c00000, 0x0000000086d00000|  0%| F|  |TAMS 0x0000000086c00000, 0x0000000086c00000| Untracked 
| 109|0x0000000086d00000, 0x0000000086d00000, 0x0000000086e00000|  0%| F|  |TAMS 0x0000000086d00000, 0x0000000086d00000| Untracked 
| 110|0x0000000086e00000, 0x0000000086e00000, 0x0000000086f00000|  0%| F|  |TAMS 0x0000000086e00000, 0x0000000086e00000| Untracked 
| 111|0x0000000086f00000, 0x0000000086f00000, 0x0000000087000000|  0%| F|  |TAMS 0x0000000086f00000, 0x0000000086f00000| Untracked 
| 112|0x0000000087000000, 0x0000000087000000, 0x0000000087100000|  0%| F|  |TAMS 0x0000000087000000, 0x0000000087000000| Untracked 
| 113|0x0000000087100000, 0x0000000087100000, 0x0000000087200000|  0%| F|  |TAMS 0x0000000087100000, 0x0000000087100000| Untracked 
| 114|0x0000000087200000, 0x0000000087200000, 0x0000000087300000|  0%| F|  |TAMS 0x0000000087200000, 0x0000000087200000| Untracked 
| 115|0x0000000087300000, 0x0000000087300000, 0x0000000087400000|  0%| F|  |TAMS 0x0000000087300000, 0x0000000087300000| Untracked 
| 116|0x0000000087400000, 0x00000000874b7360, 0x0000000087500000| 71%| S|CS|TAMS 0x0000000087400000, 0x0000000087400000| Complete 
| 117|0x0000000087500000, 0x0000000087600000, 0x0000000087600000|100%| S|CS|TAMS 0x0000000087500000, 0x0000000087500000| Complete 
| 118|0x0000000087600000, 0x000000008765b078, 0x0000000087700000| 35%| E|  |TAMS 0x0000000087600000, 0x0000000087600000| Complete 
| 119|0x0000000087700000, 0x0000000087800000, 0x0000000087800000|100%| E|CS|TAMS 0x0000000087700000, 0x0000000087700000| Complete 
| 120|0x0000000087800000, 0x0000000087900000, 0x0000000087900000|100%| E|CS|TAMS 0x0000000087800000, 0x0000000087800000| Complete 
| 121|0x0000000087900000, 0x0000000087a00000, 0x0000000087a00000|100%| E|CS|TAMS 0x0000000087900000, 0x0000000087900000| Complete 
| 122|0x0000000087a00000, 0x0000000087b00000, 0x0000000087b00000|100%| E|CS|TAMS 0x0000000087a00000, 0x0000000087a00000| Complete 
| 123|0x0000000087b00000, 0x0000000087c00000, 0x0000000087c00000|100%| E|CS|TAMS 0x0000000087b00000, 0x0000000087b00000| Complete 
| 124|0x0000000087c00000, 0x0000000087d00000, 0x0000000087d00000|100%| E|CS|TAMS 0x0000000087c00000, 0x0000000087c00000| Complete 
| 125|0x0000000087d00000, 0x0000000087e00000, 0x0000000087e00000|100%| E|CS|TAMS 0x0000000087d00000, 0x0000000087d00000| Complete 
| 126|0x0000000087e00000, 0x0000000087f00000, 0x0000000087f00000|100%| E|CS|TAMS 0x0000000087e00000, 0x0000000087e00000| Complete 
| 127|0x0000000087f00000, 0x0000000088000000, 0x0000000088000000|100%| E|CS|TAMS 0x0000000087f00000, 0x0000000087f00000| Complete 

Card table byte_map: [0x00000273f1830000,0x00000273f1c30000] _byte_map_base: 0x00000273f1430000

Marking Bits (Prev, Next): (CMBitMap*) 0x00000273edd1a8b0, (CMBitMap*) 0x00000273edd1a8f0
 Prev Bits: [0x00000273f2030000, 0x00000273f4030000)
 Next Bits: [0x00000273f4030000, 0x00000273f6030000)

Polling page: 0x00000273ed470000

Metaspace:

Usage:
  Non-class:     17.42 MB used.
      Class:      1.99 MB used.
       Both:     19.40 MB used.

Virtual space:
  Non-class space:       64.00 MB reserved,      17.56 MB ( 27%) committed,  1 nodes.
      Class space:        1.00 GB reserved,       2.12 MB ( <1%) committed,  1 nodes.
             Both:        1.06 GB reserved,      19.69 MB (  2%) committed. 

Chunk freelists:
   Non-Class:  13.98 MB
       Class:  13.93 MB
        Both:  27.91 MB

MaxMetaspaceSize: unlimited
CompressedClassSpaceSize: 1.00 GB
Initial GC threshold: 21.00 MB
Current GC threshold: 21.00 MB
CDS: off
MetaspaceReclaimPolicy: balanced
 - commit_granule_bytes: 65536.
 - commit_granule_words: 8192.
 - virtual_space_node_default_size: 8388608.
 - enlarge_chunks_in_place: 1.
 - new_chunks_are_fully_committed: 0.
 - uncommit_free_chunks: 1.
 - use_allocation_guard: 0.
 - handle_deallocations: 1.


Internal statistics:

num_allocs_failed_limit: 0.
num_arena_births: 304.
num_arena_deaths: 0.
num_vsnodes_births: 2.
num_vsnodes_deaths: 0.
num_space_committed: 315.
num_space_uncommitted: 0.
num_chunks_returned_to_freelist: 0.
num_chunks_taken_from_freelist: 651.
num_chunk_merges: 0.
num_chunk_splits: 378.
num_chunks_enlarged: 178.
num_inconsistent_stats: 0.

CodeHeap 'non-profiled nmethods': size=120000Kb used=702Kb max_used=702Kb free=119297Kb
 bounds [0x0000027387ad0000, 0x0000027387d40000, 0x000002738f000000]
CodeHeap 'profiled nmethods': size=120000Kb used=4111Kb max_used=4111Kb free=115888Kb
 bounds [0x0000027380000000, 0x0000027380410000, 0x0000027387530000]
CodeHeap 'non-nmethods': size=5760Kb used=1194Kb max_used=1254Kb free=4565Kb
 bounds [0x0000027387530000, 0x00000273877a0000, 0x0000027387ad0000]
 total_blobs=2499 nmethods=1998 adapters=415
 compilation: enabled
              stopped_count=0, restarted_count=0
 full_count=0

Compilation events (20 events):
Event: 30.791 Thread 0x00000273ffb4b010 1969   !   4       java.io.ObjectInputStream$BlockDataInputStream::readUTFSpan (502 bytes)
Event: 30.791 Thread 0x00000273f86cb780 nmethod 1966 0x00000273803e0110 code [0x00000273803e02c0, 0x00000273803e04d8]
Event: 30.791 Thread 0x00000273f86cb780 1968       3       sun.rmi.transport.StreamRemoteCall::getResultStream (86 bytes)
Event: 30.795 Thread 0x00000273f86cb780 nmethod 1968 0x00000273803e0590 code [0x00000273803e08c0, 0x00000273803e1f48]
Event: 30.796 Thread 0x00000273f86cb780 1970       3       java.util.Collections::reverse (125 bytes)
Event: 30.797 Thread 0x00000273f86cb780 nmethod 1970 0x00000273803e2790 code [0x00000273803e29e0, 0x00000273803e3428]
Event: 30.799 Thread 0x00000273f86cb780 1971   !   3       java.io.ObjectOutputStream::writeOrdinaryObject (196 bytes)
Event: 30.802 Thread 0x00000273f86cb780 nmethod 1971 0x00000273803e3710 code [0x00000273803e3a20, 0x00000273803e4848]
Event: 30.803 Thread 0x00000273f86cb780 1973   !   3       java.io.ObjectStreamClass::readNonProxy (401 bytes)
Event: 30.810 Thread 0x00000273f86cb780 nmethod 1973 0x00000273803e5110 code [0x00000273803e5680, 0x00000273803e8078]
Event: 30.811 Thread 0x00000273f86cb780 1974   !   3       sun.rmi.server.LoaderHandler::loadClass (123 bytes)
Event: 30.817 Thread 0x00000273f86cb780 nmethod 1974 0x00000273803e9090 code [0x00000273803e9400, 0x00000273803eaad8]
Event: 30.836 Thread 0x00000273f86cb780 1976       1       org.postgresql.core.VisibleBufferedInputStream::getBuffer (5 bytes)
Event: 30.836 Thread 0x00000273f86cb780 nmethod 1976 0x0000027387b7d810 code [0x0000027387b7d9a0, 0x0000027387b7da78]
Event: 30.836 Thread 0x00000273f86cb780 1977       1       org.postgresql.core.VisibleBufferedInputStream::getIndex (5 bytes)
Event: 30.836 Thread 0x00000273f86cb780 nmethod 1977 0x0000027387b7db10 code [0x0000027387b7dca0, 0x0000027387b7dd78]
Event: 30.842 Thread 0x00000273f86cb780 1979   !   3       jdk.internal.loader.BuiltinClassLoader::findClassOnClassPathOrNull (64 bytes)
Event: 30.847 Thread 0x00000273f86cb780 nmethod 1979 0x00000273803eb490 code [0x00000273803eb880, 0x00000273803ed118]
Event: 30.849 Thread 0x00000273f86cb780 1980       3       java.rmi.dgc.VMID::hashCode (8 bytes)
Event: 30.849 Thread 0x00000273f86cb780 nmethod 1980 0x00000273803eda10 code [0x00000273803edba0, 0x00000273803edd18]

GC Heap History (4 events):
Event: 4.116 GC heap before
{Heap before GC invocations=0 (full 0):
 garbage-first heap   total 131072K, used 15360K [0x0000000080000000, 0x0000000100000000)
  region size 1024K, 13 young (13312K), 0 survivors (0K)
 Metaspace       used 14250K, committed 14528K, reserved 1114112K
  class space    used 1482K, committed 1664K, reserved 1048576K
}
Event: 4.154 GC heap after
{Heap after GC invocations=1 (full 0):
 garbage-first heap   total 131072K, used 6884K [0x0000000080000000, 0x0000000100000000)
  region size 1024K, 2 young (2048K), 2 survivors (2048K)
 Metaspace       used 14250K, committed 14528K, reserved 1114112K
  class space    used 1482K, committed 1664K, reserved 1048576K
}
Event: 6.881 GC heap before
{Heap before GC invocations=1 (full 0):
 garbage-first heap   total 131072K, used 16100K [0x0000000080000000, 0x0000000100000000)
  region size 1024K, 12 young (12288K), 2 survivors (2048K)
 Metaspace       used 18550K, committed 18816K, reserved 1114112K
  class space    used 1914K, committed 2048K, reserved 1048576K
}
Event: 6.892 GC heap after
{Heap after GC invocations=2 (full 0):
 garbage-first heap   total 131072K, used 9003K [0x0000000080000000, 0x0000000100000000)
  region size 1024K, 2 young (2048K), 2 survivors (2048K)
 Metaspace       used 18550K, committed 18816K, reserved 1114112K
  class space    used 1914K, committed 2048K, reserved 1048576K
}

Dll operation events (1 events):
Event: 0.042 Loaded shared library C:\Bureau\clonne\Nouveau dossier\IntelliJ IDEA 2023.3.4\jbr\bin\java.dll

Deoptimization events (20 events):
Event: 7.925 Thread 0x00000273fd24fcb0 DEOPT PACKING pc=0x000002738009aaba sp=0x000000f8428fd9f0
Event: 7.925 Thread 0x00000273fd24fcb0 DEOPT UNPACKING pc=0x0000027387587124 sp=0x000000f8428fce68 mode 0
Event: 8.279 Thread 0x00000273fd24fcb0 Uncommon trap: trap_request=0xffffffc6 fr.pc=0x0000027387b6326c relative=0x0000000000000cec
Event: 8.279 Thread 0x00000273fd24fcb0 Uncommon trap: reason=bimorphic_or_optimized_type_check action=maybe_recompile pc=0x0000027387b6326c method=java.util.HashMap.putVal(ILjava/lang/Object;Ljava/lang/Object;ZZ)Ljava/lang/Object; @ 152 c2
Event: 8.279 Thread 0x00000273fd24fcb0 DEOPT PACKING pc=0x0000027387b6326c sp=0x000000f8428fdd90
Event: 8.279 Thread 0x00000273fd24fcb0 DEOPT UNPACKING pc=0x000002738758699d sp=0x000000f8428fdd20 mode 2
Event: 8.373 Thread 0x00000273fd24fcb0 Uncommon trap: trap_request=0xffffffc6 fr.pc=0x0000027387b6326c relative=0x0000000000000cec
Event: 8.373 Thread 0x00000273fd24fcb0 Uncommon trap: reason=bimorphic_or_optimized_type_check action=maybe_recompile pc=0x0000027387b6326c method=java.util.HashMap.putVal(ILjava/lang/Object;Ljava/lang/Object;ZZ)Ljava/lang/Object; @ 152 c2
Event: 8.373 Thread 0x00000273fd24fcb0 DEOPT PACKING pc=0x0000027387b6326c sp=0x000000f8428fdd90
Event: 8.373 Thread 0x00000273fd24fcb0 DEOPT UNPACKING pc=0x000002738758699d sp=0x000000f8428fdd20 mode 2
Event: 30.401 Thread 0x00000273fd24fcb0 DEOPT PACKING pc=0x00000273801f150b sp=0x000000f8428fd570
Event: 30.401 Thread 0x00000273fd24fcb0 DEOPT UNPACKING pc=0x0000027387587124 sp=0x000000f8428fca40 mode 0
Event: 30.410 Thread 0x00000273fd24fcb0 Uncommon trap: trap_request=0xffffff45 fr.pc=0x0000027387b4f7f4 relative=0x0000000000004374
Event: 30.411 Thread 0x00000273fd24fcb0 Uncommon trap: reason=unstable_if action=reinterpret pc=0x0000027387b4f7f4 method=com.sun.crypto.provider.PBKDF2KeyImpl.deriveKey(Ljavax/crypto/Mac;[B[BII)[B @ 179 c2
Event: 30.411 Thread 0x00000273fd24fcb0 DEOPT PACKING pc=0x0000027387b4f7f4 sp=0x000000f8428fd4f0
Event: 30.411 Thread 0x00000273fd24fcb0 DEOPT UNPACKING pc=0x000002738758699d sp=0x000000f8428fd540 mode 2
Event: 30.438 Thread 0x00000273fd24fcb0 Uncommon trap: trap_request=0xffffff45 fr.pc=0x0000027387b2ba34 relative=0x0000000000000094
Event: 30.439 Thread 0x00000273fd24fcb0 Uncommon trap: reason=unstable_if action=reinterpret pc=0x0000027387b2ba34 method=java.lang.CharacterDataLatin1.digit(II)I @ 7 c2
Event: 30.439 Thread 0x00000273fd24fcb0 DEOPT PACKING pc=0x0000027387b2ba34 sp=0x000000f8428fd860
Event: 30.439 Thread 0x00000273fd24fcb0 DEOPT UNPACKING pc=0x000002738758699d sp=0x000000f8428fd7e0 mode 2

Classes unloaded (0 events):
No events

Classes redefined (0 events):
No events

Internal exceptions (20 events):
Event: 3.322 Thread 0x00000273fd24fcb0 Exception <a 'java/lang/NoSuchMethodError'{0x00000000876557b0}: static [Ljava/rmi/server/ObjID;.<clinit>()V> (0x00000000876557b0) 
thrown [s\src\hotspot\share\prims\jni.cpp, line 1108]
Event: 3.334 Thread 0x00000273fd24fcb0 Exception <a 'java/lang/NoSuchMethodError'{0x000000008765d130}: 'void java.lang.invoke.DirectMethodHandle$Holder.invokeSpecial(java.lang.Object, java.lang.Object, java.lang.Object)'> (0x000000008765d130) 
thrown [s\src\hotspot\share\interpreter\linkResolver.cpp, line 771]
Event: 3.337 Thread 0x00000273fd24fcb0 Exception <a 'java/lang/NoSuchMethodError'{0x0000000087660698}: 'void java.lang.invoke.Invokers$Holder.invoke_MT(java.lang.Object, java.lang.Object, java.lang.Object)'> (0x0000000087660698) 
thrown [s\src\hotspot\share\interpreter\linkResolver.cpp, line 771]
Event: 3.747 Thread 0x00000273fd24fcb0 Exception <a 'java/lang/NoSuchMethodError'{0x00000000874b0390}: 'java.lang.Object java.lang.invoke.DirectMethodHandle$Holder.invokeInterface(java.lang.Object, java.lang.Object)'> (0x00000000874b0390) 
thrown [s\src\hotspot\share\interpreter\linkResolver.cpp, line 771]
Event: 3.875 Thread 0x00000273fd24fcb0 Exception <a 'java/lang/NoSuchMethodError'{0x0000000087352238}: 'java.lang.Object java.lang.invoke.DirectMethodHandle$Holder.invokeVirtual(java.lang.Object, java.lang.Object, java.lang.Object, java.lang.Object)'> (0x0000000087352238) 
thrown [s\src\hotspot\share\interpreter\linkResolver.cpp, line 771]
Event: 3.885 Thread 0x00000273fd24fcb0 Exception <a 'java/lang/NoSuchMethodError'{0x000000008735aaa8}: 'void java.lang.invoke.DirectMethodHandle$Holder.invokeStatic(java.lang.Object, java.lang.Object, java.lang.Object, java.lang.Object)'> (0x000000008735aaa8) 
thrown [s\src\hotspot\share\interpreter\linkResolver.cpp, line 771]
Event: 4.036 Thread 0x00000273fd24fcb0 Exception <a 'java/lang/NoSuchMethodError'{0x00000000873c4368}: 'int java.lang.invoke.DirectMethodHandle$Holder.invokeStaticInit(java.lang.Object, java.lang.Object, java.lang.Object, java.lang.Object)'> (0x00000000873c4368) 
thrown [s\src\hotspot\share\interpreter\linkResolver.cpp, line 771]
Event: 4.073 Thread 0x00000273fd24fcb0 Exception <a 'java/lang/IncompatibleClassChangeError'{0x00000000873cd548}: Found class java.lang.Object, but interface was expected> (0x00000000873cd548) 
thrown [s\src\hotspot\share\interpreter\linkResolver.cpp, line 838]
Event: 4.085 Thread 0x00000273fd24fcb0 Exception <a 'java/lang/NoSuchMethodError'{0x00000000873d4468}: 'int java.lang.invoke.DirectMethodHandle$Holder.invokeStaticInit(java.lang.Object, java.lang.Object)'> (0x00000000873d4468) 
thrown [s\src\hotspot\share\interpreter\linkResolver.cpp, line 771]
Event: 5.371 Thread 0x00000273fd24fcb0 Exception <a 'sun/nio/fs/WindowsException'{0x0000000087b04230}> (0x0000000087b04230) 
thrown [s\src\hotspot\share\prims\jni.cpp, line 517]
Event: 5.720 Thread 0x00000273fd24fcb0 Implicit null exception at 0x0000027387b3492c to 0x0000027387b35248
Event: 6.341 Thread 0x00000273fd24fcb0 Exception <a 'java/lang/NoSuchMethodError'{0x00000000879c9118}: 'java.lang.Object java.lang.invoke.DirectMethodHandle$Holder.invokeStaticInit(java.lang.Object, java.lang.Object, java.lang.Object)'> (0x00000000879c9118) 
thrown [s\src\hotspot\share\interpreter\linkResolver.cpp, line 771]
Event: 6.400 Thread 0x00000273fd24fcb0 Exception <a 'java/lang/NoSuchMethodError'{0x0000000087822eb0}: 'java.lang.Object java.lang.invoke.DirectMethodHandle$Holder.newInvokeSpecial(java.lang.Object, java.lang.Object, int)'> (0x0000000087822eb0) 
thrown [s\src\hotspot\share\interpreter\linkResolver.cpp, line 771]
Event: 7.579 Thread 0x00000273fd24fcb0 Exception <a 'java/lang/NoSuchMethodError'{0x0000000087d7fb30}: static [Ljava/lang/Object;.<clinit>()V> (0x0000000087d7fb30) 
thrown [s\src\hotspot\share\prims\jni.cpp, line 1108]
Event: 7.811 Thread 0x00000273fd24fcb0 Exception <a 'java/lang/NoSuchMethodError'{0x0000000087cbaf20}: static Lcom/intellij/database/remote/jdba/core/ConnectionInfo;.<clinit>()V> (0x0000000087cbaf20) 
thrown [s\src\hotspot\share\prims\jni.cpp, line 1108]
Event: 7.814 Thread 0x00000273fd24fcb0 Exception <a 'java/lang/NoSuchMethodError'{0x0000000087cc52d8}: static Ljava/lang/Object;.<clinit>()V> (0x0000000087cc52d8) 
thrown [s\src\hotspot\share\prims\jni.cpp, line 1108]
Event: 7.816 Thread 0x00000273fd24fcb0 Exception <a 'java/lang/NoSuchMethodError'{0x0000000087cc8e28}: static [I.<clinit>()V> (0x0000000087cc8e28) 
thrown [s\src\hotspot\share\prims\jni.cpp, line 1108]
Event: 8.004 Thread 0x00000273fd24fcb0 Exception <a 'java/lang/NoSuchMethodError'{0x0000000087be2930}: static Lcom/intellij/database/remote/jdba/core/ResultLayout;.<clinit>()V> (0x0000000087be2930) 
thrown [s\src\hotspot\share\prims\jni.cpp, line 1108]
Event: 8.020 Thread 0x00000273fd24fcb0 Exception <a 'java/lang/NoSuchMethodError'{0x0000000087bef278}: static Lcom/intellij/database/remote/jdba/core/RowLayout;.<clinit>()V> (0x0000000087bef278) 
thrown [s\src\hotspot\share\prims\jni.cpp, line 1108]
Event: 8.031 Thread 0x00000273fd24fcb0 Exception <a 'java/lang/NoSuchMethodError'{0x0000000087bfbac8}: static Lcom/intellij/database/remote/jdba/util/NameAndClass;.<clinit>()V> (0x0000000087bfbac8) 
thrown [s\src\hotspot\share\prims\jni.cpp, line 1108]

VM Operations (20 events):
Event: 5.841 Executing VM operation: HandshakeAllThreads
Event: 5.841 Executing VM operation: HandshakeAllThreads done
Event: 5.842 Executing VM operation: HandshakeAllThreads
Event: 5.842 Executing VM operation: HandshakeAllThreads done
Event: 6.842 Executing VM operation: Cleanup
Event: 6.846 Executing VM operation: Cleanup done
Event: 6.881 Executing VM operation: G1CollectForAllocation
Event: 6.892 Executing VM operation: G1CollectForAllocation done
Event: 7.577 Executing VM operation: HandshakeAllThreads
Event: 7.577 Executing VM operation: HandshakeAllThreads done
Event: 8.581 Executing VM operation: Cleanup
Event: 8.581 Executing VM operation: Cleanup done
Event: 9.581 Executing VM operation: Cleanup
Event: 9.581 Executing VM operation: Cleanup done
Event: 18.333 Executing VM operation: HandshakeAllThreads
Event: 18.333 Executing VM operation: HandshakeAllThreads done
Event: 18.333 Executing VM operation: Cleanup
Event: 18.333 Executing VM operation: Cleanup done
Event: 30.340 Executing VM operation: Cleanup
Event: 30.340 Executing VM operation: Cleanup done

Events (20 events):
Event: 7.683 loading class java/lang/AbstractMethodError
Event: 7.683 loading class java/lang/AbstractMethodError done
Event: 7.790 loading class java/lang/Byte$ByteCache
Event: 7.791 loading class java/lang/Byte$ByteCache done
Event: 7.792 loading class java/lang/Short$ShortCache
Event: 7.792 loading class java/lang/Short$ShortCache done
Event: 7.804 loading class java/util/regex/Pattern$LookBehindEndNode
Event: 7.804 loading class java/util/regex/Pattern$LookBehindEndNode done
Event: 7.804 loading class java/util/regex/Pattern$Behind
Event: 7.805 loading class java/util/regex/Pattern$Behind done
Event: 7.805 loading class java/util/regex/Pattern$Neg
Event: 7.805 loading class java/util/regex/Pattern$Neg done
Event: 7.805 loading class java/util/regex/Pattern$NotBehind
Event: 7.805 loading class java/util/regex/Pattern$NotBehind done
Event: 7.806 loading class java/util/regex/Pattern$Pos
Event: 7.806 loading class java/util/regex/Pattern$Pos done
Event: 8.511 Thread 0x00000273fdc2a9c0 Thread exited: 0x00000273fdc2a9c0
Event: 18.332 loading class java/util/ArrayList$ListItr
Event: 18.332 loading class java/util/ArrayList$ListItr done
Event: 30.706 Thread 0x00000273ffb4b010 Thread added: 0x00000273ffb4b010


Dynamic libraries:
0x00007ff60d520000 - 0x00007ff60d52a000 	C:\Bureau\clonne\Nouveau dossier\IntelliJ IDEA 2023.3.4\jbr\bin\java.exe
0x00007ffd3ab90000 - 0x00007ffd3ada6000 	C:\WINDOWS\SYSTEM32\ntdll.dll
0x00007ffd39ce0000 - 0x00007ffd39da4000 	C:\WINDOWS\System32\KERNEL32.DLL
0x00007ffd382f0000 - 0x00007ffd38697000 	C:\WINDOWS\System32\KERNELBASE.dll
0x00007ffd38740000 - 0x00007ffd38851000 	C:\WINDOWS\System32\ucrtbase.dll
0x00007ffd248a0000 - 0x00007ffd248bb000 	C:\Bureau\clonne\Nouveau dossier\IntelliJ IDEA 2023.3.4\jbr\bin\VCRUNTIME140.dll
0x00007ffd09ac0000 - 0x00007ffd09ad7000 	C:\Bureau\clonne\Nouveau dossier\IntelliJ IDEA 2023.3.4\jbr\bin\jli.dll
0x00007ffd3a2b0000 - 0x00007ffd3a45e000 	C:\WINDOWS\System32\USER32.dll
0x00007ffd38860000 - 0x00007ffd38886000 	C:\WINDOWS\System32\win32u.dll
0x00007ffd18d30000 - 0x00007ffd18fc3000 	C:\WINDOWS\WinSxS\amd64_microsoft.windows.common-controls_6595b64144ccf1df_6.0.22621.3235_none_270f74e173860f98\COMCTL32.dll
0x00007ffd39200000 - 0x00007ffd392a7000 	C:\WINDOWS\System32\msvcrt.dll
0x00007ffd39470000 - 0x00007ffd39499000 	C:\WINDOWS\System32\GDI32.dll
0x00007ffd381d0000 - 0x00007ffd382e9000 	C:\WINDOWS\System32\gdi32full.dll
0x00007ffd386a0000 - 0x00007ffd3873a000 	C:\WINDOWS\System32\msvcp_win.dll
0x00007ffd39c90000 - 0x00007ffd39cc1000 	C:\WINDOWS\System32\IMM32.DLL
0x00007ffd24890000 - 0x00007ffd2489c000 	C:\Bureau\clonne\Nouveau dossier\IntelliJ IDEA 2023.3.4\jbr\bin\vcruntime140_1.dll
0x00007ffd247d0000 - 0x00007ffd2485d000 	C:\Bureau\clonne\Nouveau dossier\IntelliJ IDEA 2023.3.4\jbr\bin\msvcp140.dll
0x00007ffcb9380000 - 0x00007ffcba003000 	C:\Bureau\clonne\Nouveau dossier\IntelliJ IDEA 2023.3.4\jbr\bin\server\jvm.dll
0x00007ffd388c0000 - 0x00007ffd38972000 	C:\WINDOWS\System32\ADVAPI32.dll
0x00007ffd39be0000 - 0x00007ffd39c88000 	C:\WINDOWS\System32\sechost.dll
0x00007ffd38890000 - 0x00007ffd388b8000 	C:\WINDOWS\System32\bcrypt.dll
0x00007ffd3a9b0000 - 0x00007ffd3aac5000 	C:\WINDOWS\System32\RPCRT4.dll
0x00007ffd37d80000 - 0x00007ffd37dcd000 	C:\WINDOWS\SYSTEM32\POWRPROF.dll
0x00007ffd1e210000 - 0x00007ffd1e219000 	C:\WINDOWS\SYSTEM32\WSOCK32.dll
0x00007ffd399a0000 - 0x00007ffd39a11000 	C:\WINDOWS\System32\WS2_32.dll
0x00007ffd30090000 - 0x00007ffd300c4000 	C:\WINDOWS\SYSTEM32\WINMM.dll
0x00007ffd22310000 - 0x00007ffd2231a000 	C:\WINDOWS\SYSTEM32\VERSION.dll
0x00007ffd37d60000 - 0x00007ffd37d73000 	C:\WINDOWS\SYSTEM32\UMPDC.dll
0x00007ffd36eb0000 - 0x00007ffd36ec8000 	C:\WINDOWS\SYSTEM32\kernel.appcore.dll
0x00007ffd24a80000 - 0x00007ffd24a8a000 	C:\Bureau\clonne\Nouveau dossier\IntelliJ IDEA 2023.3.4\jbr\bin\jimage.dll
0x00007ffd35450000 - 0x00007ffd35683000 	C:\WINDOWS\SYSTEM32\DBGHELP.DLL
0x00007ffd394b0000 - 0x00007ffd39838000 	C:\WINDOWS\System32\combase.dll
0x00007ffd3a460000 - 0x00007ffd3a537000 	C:\WINDOWS\System32\OLEAUT32.dll
0x00007ffd227e0000 - 0x00007ffd22812000 	C:\WINDOWS\SYSTEM32\dbgcore.DLL
0x00007ffd37f20000 - 0x00007ffd37f99000 	C:\WINDOWS\System32\bcryptPrimitives.dll
0x00007ffd00a30000 - 0x00007ffd00a55000 	C:\Bureau\clonne\Nouveau dossier\IntelliJ IDEA 2023.3.4\jbr\bin\java.dll
0x00007ffd0f270000 - 0x00007ffd0f288000 	C:\Bureau\clonne\Nouveau dossier\IntelliJ IDEA 2023.3.4\jbr\bin\zip.dll
0x00007ffd389a0000 - 0x00007ffd391fc000 	C:\WINDOWS\System32\SHELL32.dll
0x00007ffd35dc0000 - 0x00007ffd366b9000 	C:\WINDOWS\SYSTEM32\windows.storage.dll
0x00007ffd35690000 - 0x00007ffd357ce000 	C:\WINDOWS\SYSTEM32\wintypes.dll
0x00007ffd392b0000 - 0x00007ffd393a3000 	C:\WINDOWS\System32\SHCORE.dll
0x00007ffd39db0000 - 0x00007ffd39e0e000 	C:\WINDOWS\System32\shlwapi.dll
0x00007ffd37de0000 - 0x00007ffd37e01000 	C:\WINDOWS\SYSTEM32\profapi.dll
0x00007ffd0ae90000 - 0x00007ffd0aea9000 	C:\Bureau\clonne\Nouveau dossier\IntelliJ IDEA 2023.3.4\jbr\bin\net.dll
0x00007ffd303f0000 - 0x00007ffd30526000 	C:\WINDOWS\SYSTEM32\WINHTTP.dll
0x00007ffd37310000 - 0x00007ffd37379000 	C:\WINDOWS\system32\mswsock.dll
0x00007ffd0aae0000 - 0x00007ffd0aaf6000 	C:\Bureau\clonne\Nouveau dossier\IntelliJ IDEA 2023.3.4\jbr\bin\nio.dll
0x00007ffd36920000 - 0x00007ffd3694d000 	C:\WINDOWS\SYSTEM32\IPHLPAPI.DLL
0x00007ffd394a0000 - 0x00007ffd394a9000 	C:\WINDOWS\System32\NSI.dll
0x00007ffd300d0000 - 0x00007ffd300e9000 	C:\WINDOWS\SYSTEM32\dhcpcsvc6.DLL
0x00007ffd2ffb0000 - 0x00007ffd2ffcf000 	C:\WINDOWS\SYSTEM32\dhcpcsvc.DLL
0x00007ffd36990000 - 0x00007ffd36a89000 	C:\WINDOWS\SYSTEM32\DNSAPI.dll
0x00007ffd37660000 - 0x00007ffd3767b000 	C:\WINDOWS\SYSTEM32\CRYPTSP.dll
0x00007ffd36e10000 - 0x00007ffd36e45000 	C:\WINDOWS\system32\rsaenh.dll
0x00007ffd373b0000 - 0x00007ffd373d8000 	C:\WINDOWS\SYSTEM32\USERENV.dll
0x00007ffd37640000 - 0x00007ffd3764c000 	C:\WINDOWS\SYSTEM32\CRYPTBASE.dll
0x00007ffd0fb30000 - 0x00007ffd0fb39000 	C:\Bureau\clonne\Nouveau dossier\IntelliJ IDEA 2023.3.4\jbr\bin\extnet.dll
0x00007ffd00a60000 - 0x00007ffd00a67000 	C:\Bureau\clonne\Nouveau dossier\IntelliJ IDEA 2023.3.4\jbr\bin\rmi.dll
0x00007ffd30530000 - 0x00007ffd3053a000 	C:\Windows\System32\rasadhlp.dll
0x00007ffd2f6c0000 - 0x00007ffd2f743000 	C:\WINDOWS\System32\fwpuclnt.dll
0x00007ffd0f770000 - 0x00007ffd0f779000 	C:\Bureau\clonne\Nouveau dossier\IntelliJ IDEA 2023.3.4\jbr\bin\management.dll
0x00007ffd0f1c0000 - 0x00007ffd0f1cb000 	C:\Bureau\clonne\Nouveau dossier\IntelliJ IDEA 2023.3.4\jbr\bin\management_ext.dll
0x00007ffd39cd0000 - 0x00007ffd39cd8000 	C:\WINDOWS\System32\PSAPI.DLL
0x00007ffd11770000 - 0x00007ffd1177e000 	C:\Bureau\clonne\Nouveau dossier\IntelliJ IDEA 2023.3.4\jbr\bin\sunmscapi.dll
0x00007ffd37fa0000 - 0x00007ffd38107000 	C:\WINDOWS\System32\CRYPT32.dll
0x00007ffd37780000 - 0x00007ffd377ae000 	C:\WINDOWS\SYSTEM32\ncrypt.dll
0x00007ffd37740000 - 0x00007ffd37777000 	C:\WINDOWS\SYSTEM32\NTASN1.dll

dbghelp: loaded successfully - version: 4.0.5 - missing functions: none
symbol engine: initialized successfully - sym options: 0x614 - pdb path: .;C:\Bureau\clonne\Nouveau dossier\IntelliJ IDEA 2023.3.4\jbr\bin;C:\WINDOWS\SYSTEM32;C:\WINDOWS\WinSxS\amd64_microsoft.windows.common-controls_6595b64144ccf1df_6.0.22621.3235_none_270f74e173860f98;C:\Bureau\clonne\Nouveau dossier\IntelliJ IDEA 2023.3.4\jbr\bin\server

VM Arguments:
jvm_args: -Djava.rmi.server.hostname=127.0.0.1 -Duser.timezone=UTC -Xmx2048m -Xms128m -Djdbc.classpath=C:\Bureau\clonne\Nouveau dossier\IntelliJ IDEA 2023.3.4\plugins\DatabaseTools\lib\jdbc-console.jar;C:\Users\user\AppData\Roaming\JetBrains\IntelliJIdea2023.3\jdbc-drivers\PostgreSQL\42.6.0\org\postgresql\postgresql\42.6.0\postgresql-42.6.0.jar;C:\Users\user\AppData\Roaming\JetBrains\IntelliJIdea2023.3\jdbc-drivers\PostgreSQL\42.6.0\org\checkerframework\checker-qual\3.31.0\checker-qual-3.31.0.jar;C:\Users\user\AppData\Roaming\JetBrains\IntelliJIdea2023.3\jdbc-drivers\PostgreSQL\42.6.0\com\github\waffle\waffle-jna\1.9.1\waffle-jna-1.9.1.jar;C:\Users\user\AppData\Roaming\JetBrains\IntelliJIdea2023.3\jdbc-drivers\PostgreSQL\42.6.0\net\java\dev\jna\jna\4.5.1\jna-4.5.1.jar;C:\Users\user\AppData\Roaming\JetBrains\IntelliJIdea2023.3\jdbc-drivers\PostgreSQL\42.6.0\net\java\dev\jna\jna-platform\4.5.1\jna-platform-4.5.1.jar;C:\Users\user\AppData\Roaming\JetBrains\IntelliJIdea2023.3\jdbc-drivers\PostgreSQL\42.6.0\org\slf4j\jcl-over-slf4j\1.7.25\jcl-over-slf4j-1.7.25.jar;C:\Users\user\AppData\Roaming\JetBrains\IntelliJIdea2023.3\jdbc-drivers\PostgreSQL\42.6.0\org\slf4j\slf4j-api\1.7.25\slf4j-api-1.7.25.jar;C:\Users\user\AppData\Roaming\JetBrains\IntelliJIdea2023.3\jdbc-drivers\PostgreSQL\42.6.0\com\github\ben-manes\caffeine\caffeine\2.6.2\caffeine-2.6.2.jar --add-exports=java.desktop/sun.awt=ALL-UNNAMED --add-exports=java.desktop/java.awt.peer=ALL-UNNAMED --add-opens=java.desktop/java.awt=ALL-UNNAMED --add-opens=jdk.unsupported/sun.misc=ALL-UNNAMED --add-opens=java.base/java.nio=ALL-UNNAMED --add-opens=java.base/java.util=ALL-UNNAMED -Dfile.encoding=UTF-8 
java_command: com.intellij.database.remote.RemoteJdbcServer org.postgresql.Driver
java_class_path (initial): C:\Bureau\clonne\Nouveau dossier\IntelliJ IDEA 2023.3.4\lib\util_rt.jar;C:\Bureau\clonne\Nouveau dossier\IntelliJ IDEA 2023.3.4\lib\util-8.jar;C:\Bureau\clonne\Nouveau dossier\IntelliJ IDEA 2023.3.4\lib\groovy.jar;C:\Bureau\clonne\Nouveau dossier\IntelliJ IDEA 2023.3.4\plugins\DatabaseTools\lib\jdbc-console.jar;C:\Bureau\clonne\Nouveau dossier\IntelliJ IDEA 2023.3.4\plugins\grid-core-impl\lib\jdbc-console-types.jar;C:\Bureau\clonne\Nouveau dossier\IntelliJ IDEA 2023.3.4\lib\util.jar
Launcher Type: SUN_STANDARD

[Global flags]
     intx CICompilerCount                          = 3                                         {product} {ergonomic}
     uint ConcGCThreads                            = 1                                         {product} {ergonomic}
     uint G1ConcRefinementThreads                  = 4                                         {product} {ergonomic}
   size_t G1HeapRegionSize                         = 1048576                                   {product} {ergonomic}
    uintx GCDrainStackTargetSize                   = 64                                        {product} {ergonomic}
   size_t InitialHeapSize                          = 134217728                                 {product} {command line}
   size_t MarkStackSize                            = 4194304                                   {product} {ergonomic}
   size_t MaxHeapSize                              = 2147483648                                {product} {command line}
   size_t MaxNewSize                               = 1287651328                                {product} {ergonomic}
   size_t MinHeapDeltaBytes                        = 1048576                                   {product} {ergonomic}
   size_t MinHeapSize                              = 134217728                                 {product} {command line}
    uintx NonNMethodCodeHeapSize                   = 5832780                                {pd product} {ergonomic}
    uintx NonProfiledCodeHeapSize                  = 122912730                              {pd product} {ergonomic}
    uintx ProfiledCodeHeapSize                     = 122912730                              {pd product} {ergonomic}
    uintx ReservedCodeCacheSize                    = 251658240                              {pd product} {ergonomic}
     bool SegmentedCodeCache                       = true                                      {product} {ergonomic}
   size_t SoftMaxHeapSize                          = 2147483648                             {manageable} {ergonomic}
     bool UseCompressedClassPointers               = true                           {product lp64_product} {ergonomic}
     bool UseCompressedOops                        = true                           {product lp64_product} {ergonomic}
     bool UseG1GC                                  = true                                      {product} {ergonomic}
     bool UseLargePagesIndividualAllocation        = false                                  {pd product} {ergonomic}

Logging:
Log output configuration:
 #0: stdout all=warning uptime,level,tags
 #1: stderr all=off uptime,level,tags

Environment Variables:
PATH=C:\Python312\Scripts\;C:\Python312\;C:\Program Files\Common Files\Oracle\Java\javapath;C:\WINDOWS\system32;C:\WINDOWS;C:\WINDOWS\System32\Wbem;C:\WINDOWS\System32\WindowsPowerShell\v1.0\;C:\WINDOWS\System32\OpenSSH\;C:\Program Files (x86)\Microsoft VS Code\bin;C:\ProgramData\chocolatey\bin;C:\Program Files\Git\cmd;C:\Program Files\Docker\Docker\resources\bin;C:\Users\user\AppData\Roaming\nvm;C:\Program Files\nodejs;C:\Users\user\AppData\Roaming\nvm;C:\Users\user\AppData\Local\Microsoft\WindowsApps;C:\Program Files\JetBrains\IntelliJ IDEA Community Edition 2023.3.4\bin;C:\Bureau\clonne\Nouveau dossier\IntelliJ IDEA 2023.3.4\bin;
USERNAME=user
OS=Windows_NT
PROCESSOR_IDENTIFIER=Intel64 Family 6 Model 122 Stepping 1, GenuineIntel
TMP=C:\Users\user\AppData\Local\Temp
TEMP=C:\Users\user\AppData\Local\Temp



Periodic native trim disabled

JNI global refs:
JNI global refs: 16, weak refs: 0

JNI global refs memory usage: 843, weak refs: 841

OOME stack traces (most recent first):
Classloader memory used:
Loader bootstrap                                                                       : 1952K
Loader jdk.internal.loader.ClassLoaders$AppClassLoader                                 : 254K
Loader com.intellij.database.remote.jdbc.impl.JdbcClassLoader$JdbcClassLoaderImpl      : 210K
Loader jdk.internal.loader.ClassLoaders$PlatformClassLoader                            : 52424B
Loader jdk.internal.reflect.DelegatingClassLoader                                      : 19350B


---------------  S Y S T E M  ---------------

OS:
 Windows 11 , 64 bit Build 22621 (10.0.22621.3374)
OS uptime: 0 days 18:18 hours
Hyper-V role detected

CPU: total 4 (initial active 4) (4 cores per cpu, 1 threads per core) family 6 model 122 stepping 1 microcode 0x34, cx8, cmov, fxsr, mmx, 3dnowpref, sse, sse2, sse3, ssse3, sse4.1, sse4.2, popcnt, tsc, tscinvbit, aes, erms, clmul, sha, clflush, clflushopt, hv
Processor Information for all 4 processors :
  Max Mhz: 1501, Current Mhz: 1501, Mhz Limit: 1501

Memory: 4k page, system-wide physical 7840M (495M free)
TotalPageFile size 15856M (AvailPageFile size 5M)
current process WorkingSet (physical memory assigned to process): 97M, peak: 120M
current process commit charge ("private bytes"): 234M, peak: 259M

vm_info: OpenJDK 64-Bit Server VM (17.0.10+1-b1087.17) for windows-amd64 JRE (17.0.10+1-b1087.17), built on 2024-01-19 by "builduser" with MS VC++ 16.10 / 16.11 (VS2019)

END.
