#
# There is insufficient memory for the Java Runtime Environment to continue.
# Native memory allocation (malloc) failed to allocate 339456 bytes for Chunk::new
# Possible reasons:
#   The system is out of physical RAM or swap space
#   The process is running with CompressedOops enabled, and the Java Heap may be blocking the growth of the native heap
# Possible solutions:
#   Reduce memory load on the system
#   Increase physical memory or swap space
#   Check if swap backing store is full
#   Decrease Java heap size (-Xmx/-Xms)
#   Decrease number of Java threads
#   Decrease Java thread stack sizes (-Xss)
#   Set larger code cache with -XX:ReservedCodeCacheSize=
#   JVM is running with Unscaled Compressed Oops mode in which the Java heap is
#     placed in the first 4GB address space. The Java Heap base address is the
#     maximum limit for the native heap growth. Please use -XX:HeapBaseMinAddress
#     to set the Java Heap base and to place the Java Heap above 4GB virtual address.
# This output file may be truncated or incomplete.
#
#  Out of Memory Error (arena.cpp:191), pid=6536, tid=10612
#
# JRE version: OpenJDK Runtime Environment JBR-17.0.10+1-1087.17-jcef (17.0.10+1) (build 17.0.10+1-b1087.17)
# Java VM: OpenJDK 64-Bit Server VM JBR-17.0.10+1-1087.17-jcef (17.0.10+1-b1087.17, mixed mode, tiered, compressed oops, compressed class ptrs, g1 gc, windows-amd64)
# No core dump will be written. Minidumps are not enabled by default on client versions of Windows
#

---------------  S U M M A R Y ------------

Command Line: -Djava.rmi.server.hostname=127.0.0.1 -Duser.timezone=UTC -Xmx2048m -Xms128m -Djdbc.classpath=C:\Bureau\clonne\Nouveau dossier\IntelliJ IDEA 2023.3.4\plugins\DatabaseTools\lib\jdbc-console.jar;C:\Users\user\AppData\Roaming\JetBrains\IntelliJIdea2023.3\jdbc-drivers\PostgreSQL\42.6.0\org\postgresql\postgresql\42.6.0\postgresql-42.6.0.jar;C:\Users\user\AppData\Roaming\JetBrains\IntelliJIdea2023.3\jdbc-drivers\PostgreSQL\42.6.0\org\checkerframework\checker-qual\3.31.0\checker-qual-3.31.0.jar;C:\Users\user\AppData\Roaming\JetBrains\IntelliJIdea2023.3\jdbc-drivers\PostgreSQL\42.6.0\com\github\waffle\waffle-jna\1.9.1\waffle-jna-1.9.1.jar;C:\Users\user\AppData\Roaming\JetBrains\IntelliJIdea2023.3\jdbc-drivers\PostgreSQL\42.6.0\net\java\dev\jna\jna\4.5.1\jna-4.5.1.jar;C:\Users\user\AppData\Roaming\JetBrains\IntelliJIdea2023.3\jdbc-drivers\PostgreSQL\42.6.0\net\java\dev\jna\jna-platform\4.5.1\jna-platform-4.5.1.jar;C:\Users\user\AppData\Roaming\JetBrains\IntelliJIdea2023.3\jdbc-drivers\PostgreSQL\42.6.0\org\slf4j\jcl-over-slf4j\1.7.25\jcl-over-slf4j-1.7.25.jar;C:\Users\user\AppData\Roaming\JetBrains\IntelliJIdea2023.3\jdbc-drivers\PostgreSQL\42.6.0\org\slf4j\slf4j-api\1.7.25\slf4j-api-1.7.25.jar;C:\Users\user\AppData\Roaming\JetBrains\IntelliJIdea2023.3\jdbc-drivers\PostgreSQL\42.6.0\com\github\ben-manes\caffeine\caffeine\2.6.2\caffeine-2.6.2.jar --add-exports=java.desktop/sun.awt=ALL-UNNAMED --add-exports=java.desktop/java.awt.peer=ALL-UNNAMED --add-opens=java.desktop/java.awt=ALL-UNNAMED --add-opens=jdk.unsupported/sun.misc=ALL-UNNAMED --add-opens=java.base/java.nio=ALL-UNNAMED --add-opens=java.base/java.util=ALL-UNNAMED -Dfile.encoding=UTF-8 com.intellij.database.remote.RemoteJdbcServer org.postgresql.Driver

Host: Intel(R) Celeron(R) J4105 CPU @ 1.50GHz, 4 cores, 7G,  Windows 11 , 64 bit Build 22621 (10.0.22621.3374)
Time: Sun Apr 14 14:37:05 2024 Paris, Madrid (heure duild 22621 (10.0.22621.3374) elapsed time: 7.521480 seconds (0d 0h 0m 7s)

---------------  T H R E A D  ---------------

Current thread (0x000001a17e038240):  JavaThread "C2 CompilerThread0" daemon [_thread_in_native, id=10612, stack(0x0000004023d00000,0x0000004023e00000)]


Current CompileTask:
C2:   7521  701       4       jdk.internal.org.objectweb.asm.SymbolTable::addConstantUtf8 (98 bytes)

Stack: [0x0000004023d00000,0x0000004023e00000]
Native frames: (J=compiled Java code, j=interpreted, Vv=VM code, C=native code)
V  [jvm.dll+0x688ac9]
V  [jvm.dll+0x84220a]
V  [jvm.dll+0x843e4e]
V  [jvm.dll+0x8444b3]
V  [jvm.dll+0x24ba8f]
V  [jvm.dll+0xac524]
V  [jvm.dll+0xacb6c]
V  [jvm.dll+0x2b308f]
V  [jvm.dll+0x58ff37]
V  [jvm.dll+0x226102]
V  [jvm.dll+0x2264ef]
V  [jvm.dll+0x21f616]
V  [jvm.dll+0x21ca61]
V  [jvm.dll+0x1a603d]
V  [jvm.dll+0x22ca18]
V  [jvm.dll+0x22ab50]
V  [jvm.dll+0x7f6687]
V  [jvm.dll+0x7f0a8a]
V  [jvm.dll+0x687945]
C  [ucrtbase.dll+0x29333]
C  [KERNEL32.DLL+0x1257d]
C  [ntdll.dll+0x5aa48]


---------------  P R O C E S S  ---------------

Threads class SMR info:
_java_thread_list=0x000001a17e635380, length=18, elements={
0x000001a16f4debb0, 0x000001a17e013020, 0x000001a17e013a50, 0x000001a17e034fb0,
0x000001a17e035490, 0x000001a17e035d60, 0x000001a17e036630, 0x000001a17e038240,
0x000001a179d7bb60, 0x000001a179d7e090, 0x000001a17e1f6020, 0x000001a17e1fa510,
0x000001a17e27f3b0, 0x000001a17e4f04e0, 0x000001a17e4f09c0, 0x000001a17e4edd80,
0x000001a17e14f9e0, 0x000001a17e14fec0
}

Java Threads: ( => current thread )
  0x000001a16f4debb0 JavaThread "main" [_thread_blocked, id=4620, stack(0x0000004023000000,0x0000004023100000)]
  0x000001a17e013020 JavaThread "Reference Handler" daemon [_thread_blocked, id=14096, stack(0x0000004023700000,0x0000004023800000)]
  0x000001a17e013a50 JavaThread "Finalizer" daemon [_thread_blocked, id=13364, stack(0x0000004023800000,0x0000004023900000)]
  0x000001a17e034fb0 JavaThread "Signal Dispatcher" daemon [_thread_blocked, id=7784, stack(0x0000004023900000,0x0000004023a00000)]
  0x000001a17e035490 JavaThread "Attach Listener" daemon [_thread_blocked, id=17780, stack(0x0000004023a00000,0x0000004023b00000)]
  0x000001a17e035d60 JavaThread "Service Thread" daemon [_thread_blocked, id=10500, stack(0x0000004023b00000,0x0000004023c00000)]
  0x000001a17e036630 JavaThread "Monitor Deflation Thread" daemon [_thread_blocked, id=13612, stack(0x0000004023c00000,0x0000004023d00000)]
=>0x000001a17e038240 JavaThread "C2 CompilerThread0" daemon [_thread_in_native, id=10612, stack(0x0000004023d00000,0x0000004023e00000)]
  0x000001a179d7bb60 JavaThread "C1 CompilerThread0" daemon [_thread_blocked, id=18308, stack(0x0000004023e00000,0x0000004023f00000)]
  0x000001a179d7e090 JavaThread "Sweeper thread" daemon [_thread_blocked, id=3664, stack(0x0000004023f00000,0x0000004024000000)]
  0x000001a17e1f6020 JavaThread "Common-Cleaner" daemon [_thread_blocked, id=11780, stack(0x0000004024000000,0x0000004024100000)]
  0x000001a17e1fa510 JavaThread "Notification Thread" daemon [_thread_blocked, id=18236, stack(0x0000004024100000,0x0000004024200000)]
  0x000001a17e27f3b0 JavaThread "RMI TCP Accept-24254" daemon [_thread_in_native, id=17912, stack(0x0000004024300000,0x0000004024400000)]
  0x000001a17e4f04e0 JavaThread "RMI TCP Accept-0" daemon [_thread_in_native, id=9324, stack(0x0000004024400000,0x0000004024500000)]
  0x000001a17e4f09c0 JavaThread "RMI Reaper" [_thread_blocked, id=6276, stack(0x0000004024500000,0x0000004024600000)]
  0x000001a17e4edd80 JavaThread "RMI GC Daemon" daemon [_thread_blocked, id=1172, stack(0x0000004024600000,0x0000004024700000)]
  0x000001a17e14f9e0 JavaThread "RMI TCP Connection(1)-127.0.0.1" daemon [_thread_blocked, id=17136, stack(0x0000004024700000,0x0000004024800000)]
  0x000001a17e14fec0 JavaThread "RMI TCP Connection(2)-127.0.0.1" daemon [_thread_in_vm, id=12960, stack(0x0000004024800000,0x0000004024900000)]

Other Threads:
  0x000001a179d05d50 VMThread "VM Thread" [stack: 0x0000004023600000,0x0000004023700000] [id=4356]
  0x000001a17e0c75d0 WatcherThread [stack: 0x0000004024200000,0x0000004024300000] [id=16604]
  0x000001a16f53c020 GCTaskThread "GC Thread#0" [stack: 0x0000004023100000,0x0000004023200000] [id=15020]
  0x000001a16f54ce70 ConcurrentGCThread "G1 Main Marker" [stack: 0x0000004023200000,0x0000004023300000] [id=16048]
  0x000001a16f54e7a0 ConcurrentGCThread "G1 Conc#0" [stack: 0x0000004023300000,0x0000004023400000] [id=3908]
  0x000001a16f58d5e0 ConcurrentGCThread "G1 Refine#0" [stack: 0x0000004023400000,0x0000004023500000] [id=9984]
  0x000001a16f58df10 ConcurrentGCThread "G1 Service" [stack: 0x0000004023500000,0x0000004023600000] [id=11356]

Threads with active compile tasks:
C2 CompilerThread0     7617  701       4       jdk.internal.org.objectweb.asm.SymbolTable::addConstantUtf8 (98 bytes)

VM state: not at safepoint (normal execution)

VM Mutex/Monitor currently owned by a thread: None

Heap address: 0x0000000080000000, size: 2048 MB, Compressed Oops mode: 32-bit

CDS archive(s) not mapped
Compressed class space mapped at: 0x0000000100000000-0x0000000140000000, reserved size: 1073741824
Narrow klass base: 0x0000000000000000, Narrow klass shift: 3, Narrow klass range: 0x140000000

GC Precious Log:
 CPUs: 4 total, 4 available
 Memory: 7840M
 Large Page Support: Disabled
 NUMA Support: Disabled
 Compressed Oops: Enabled (32-bit)
 Heap Region Size: 1M
 Heap Min Capacity: 128M
 Heap Initial Capacity: 128M
 Heap Max Capacity: 2G
 Pre-touch: Disabled
 Parallel Workers: 4
 Concurrent Workers: 1
 Concurrent Refinement Workers: 4
 Periodic GC: Disabled

Heap:
 garbage-first heap   total 131072K, used 9216K [0x0000000080000000, 0x0000000100000000)
  region size 1024K, 8 young (8192K), 0 survivors (0K)
 Metaspace       used 11360K, committed 11520K, reserved 1114112K
  class space    used 1146K, committed 1216K, reserved 1048576K

Heap Regions: E=young(eden), S=young(survivor), O=old, HS=humongous(starts), HC=humongous(continues), CS=collection set, F=free, OA=open archive, CA=closed archive, TAMS=top-at-mark-start (previous, next)
|   0|0x0000000080000000, 0x0000000080100000, 0x0000000080100000|100%|HS|  |TAMS 0x0000000080000000, 0x0000000080000000| Complete 
|   1|0x0000000080100000, 0x0000000080200000, 0x0000000080200000|100%|HC|  |TAMS 0x0000000080100000, 0x0000000080100000| Complete 
|   2|0x0000000080200000, 0x0000000080300000, 0x0000000080300000|100%|HC|  |TAMS 0x0000000080200000, 0x0000000080200000| Complete 
|   3|0x0000000080300000, 0x0000000080300000, 0x0000000080400000|  0%| F|  |TAMS 0x0000000080300000, 0x0000000080300000| Untracked 
|   4|0x0000000080400000, 0x0000000080400000, 0x0000000080500000|  0%| F|  |TAMS 0x0000000080400000, 0x0000000080400000| Untracked 
|   5|0x0000000080500000, 0x0000000080500000, 0x0000000080600000|  0%| F|  |TAMS 0x0000000080500000, 0x0000000080500000| Untracked 
|   6|0x0000000080600000, 0x0000000080600000, 0x0000000080700000|  0%| F|  |TAMS 0x0000000080600000, 0x0000000080600000| Untracked 
|   7|0x0000000080700000, 0x0000000080700000, 0x0000000080800000|  0%| F|  |TAMS 0x0000000080700000, 0x0000000080700000| Untracked 
|   8|0x0000000080800000, 0x0000000080800000, 0x0000000080900000|  0%| F|  |TAMS 0x0000000080800000, 0x0000000080800000| Untracked 
|   9|0x0000000080900000, 0x0000000080900000, 0x0000000080a00000|  0%| F|  |TAMS 0x0000000080900000, 0x0000000080900000| Untracked 
|  10|0x0000000080a00000, 0x0000000080a00000, 0x0000000080b00000|  0%| F|  |TAMS 0x0000000080a00000, 0x0000000080a00000| Untracked 
|  11|0x0000000080b00000, 0x0000000080b00000, 0x0000000080c00000|  0%| F|  |TAMS 0x0000000080b00000, 0x0000000080b00000| Untracked 
|  12|0x0000000080c00000, 0x0000000080c00000, 0x0000000080d00000|  0%| F|  |TAMS 0x0000000080c00000, 0x0000000080c00000| Untracked 
|  13|0x0000000080d00000, 0x0000000080d00000, 0x0000000080e00000|  0%| F|  |TAMS 0x0000000080d00000, 0x0000000080d00000| Untracked 
|  14|0x0000000080e00000, 0x0000000080e00000, 0x0000000080f00000|  0%| F|  |TAMS 0x0000000080e00000, 0x0000000080e00000| Untracked 
|  15|0x0000000080f00000, 0x0000000080f00000, 0x0000000081000000|  0%| F|  |TAMS 0x0000000080f00000, 0x0000000080f00000| Untracked 
|  16|0x0000000081000000, 0x0000000081000000, 0x0000000081100000|  0%| F|  |TAMS 0x0000000081000000, 0x0000000081000000| Untracked 
|  17|0x0000000081100000, 0x0000000081100000, 0x0000000081200000|  0%| F|  |TAMS 0x0000000081100000, 0x0000000081100000| Untracked 
|  18|0x0000000081200000, 0x0000000081200000, 0x0000000081300000|  0%| F|  |TAMS 0x0000000081200000, 0x0000000081200000| Untracked 
|  19|0x0000000081300000, 0x0000000081300000, 0x0000000081400000|  0%| F|  |TAMS 0x0000000081300000, 0x0000000081300000| Untracked 
|  20|0x0000000081400000, 0x0000000081400000, 0x0000000081500000|  0%| F|  |TAMS 0x0000000081400000, 0x0000000081400000| Untracked 
|  21|0x0000000081500000, 0x0000000081500000, 0x0000000081600000|  0%| F|  |TAMS 0x0000000081500000, 0x0000000081500000| Untracked 
|  22|0x0000000081600000, 0x0000000081600000, 0x0000000081700000|  0%| F|  |TAMS 0x0000000081600000, 0x0000000081600000| Untracked 
|  23|0x0000000081700000, 0x0000000081700000, 0x0000000081800000|  0%| F|  |TAMS 0x0000000081700000, 0x0000000081700000| Untracked 
|  24|0x0000000081800000, 0x0000000081800000, 0x0000000081900000|  0%| F|  |TAMS 0x0000000081800000, 0x0000000081800000| Untracked 
|  25|0x0000000081900000, 0x0000000081900000, 0x0000000081a00000|  0%| F|  |TAMS 0x0000000081900000, 0x0000000081900000| Untracked 
|  26|0x0000000081a00000, 0x0000000081a00000, 0x0000000081b00000|  0%| F|  |TAMS 0x0000000081a00000, 0x0000000081a00000| Untracked 
|  27|0x0000000081b00000, 0x0000000081b00000, 0x0000000081c00000|  0%| F|  |TAMS 0x0000000081b00000, 0x0000000081b00000| Untracked 
|  28|0x0000000081c00000, 0x0000000081c00000, 0x0000000081d00000|  0%| F|  |TAMS 0x0000000081c00000, 0x0000000081c00000| Untracked 
|  29|0x0000000081d00000, 0x0000000081d00000, 0x0000000081e00000|  0%| F|  |TAMS 0x0000000081d00000, 0x0000000081d00000| Untracked 
|  30|0x0000000081e00000, 0x0000000081e00000, 0x0000000081f00000|  0%| F|  |TAMS 0x0000000081e00000, 0x0000000081e00000| Untracked 
|  31|0x0000000081f00000, 0x0000000081f00000, 0x0000000082000000|  0%| F|  |TAMS 0x0000000081f00000, 0x0000000081f00000| Untracked 
|  32|0x0000000082000000, 0x0000000082000000, 0x0000000082100000|  0%| F|  |TAMS 0x0000000082000000, 0x0000000082000000| Untracked 
|  33|0x0000000082100000, 0x0000000082100000, 0x0000000082200000|  0%| F|  |TAMS 0x0000000082100000, 0x0000000082100000| Untracked 
|  34|0x0000000082200000, 0x0000000082200000, 0x0000000082300000|  0%| F|  |TAMS 0x0000000082200000, 0x0000000082200000| Untracked 
|  35|0x0000000082300000, 0x0000000082300000, 0x0000000082400000|  0%| F|  |TAMS 0x0000000082300000, 0x0000000082300000| Untracked 
|  36|0x0000000082400000, 0x0000000082400000, 0x0000000082500000|  0%| F|  |TAMS 0x0000000082400000, 0x0000000082400000| Untracked 
|  37|0x0000000082500000, 0x0000000082500000, 0x0000000082600000|  0%| F|  |TAMS 0x0000000082500000, 0x0000000082500000| Untracked 
|  38|0x0000000082600000, 0x0000000082600000, 0x0000000082700000|  0%| F|  |TAMS 0x0000000082600000, 0x0000000082600000| Untracked 
|  39|0x0000000082700000, 0x0000000082700000, 0x0000000082800000|  0%| F|  |TAMS 0x0000000082700000, 0x0000000082700000| Untracked 
|  40|0x0000000082800000, 0x0000000082800000, 0x0000000082900000|  0%| F|  |TAMS 0x0000000082800000, 0x0000000082800000| Untracked 
|  41|0x0000000082900000, 0x0000000082900000, 0x0000000082a00000|  0%| F|  |TAMS 0x0000000082900000, 0x0000000082900000| Untracked 
|  42|0x0000000082a00000, 0x0000000082a00000, 0x0000000082b00000|  0%| F|  |TAMS 0x0000000082a00000, 0x0000000082a00000| Untracked 
|  43|0x0000000082b00000, 0x0000000082b00000, 0x0000000082c00000|  0%| F|  |TAMS 0x0000000082b00000, 0x0000000082b00000| Untracked 
|  44|0x0000000082c00000, 0x0000000082c00000, 0x0000000082d00000|  0%| F|  |TAMS 0x0000000082c00000, 0x0000000082c00000| Untracked 
|  45|0x0000000082d00000, 0x0000000082d00000, 0x0000000082e00000|  0%| F|  |TAMS 0x0000000082d00000, 0x0000000082d00000| Untracked 
|  46|0x0000000082e00000, 0x0000000082e00000, 0x0000000082f00000|  0%| F|  |TAMS 0x0000000082e00000, 0x0000000082e00000| Untracked 
|  47|0x0000000082f00000, 0x0000000082f00000, 0x0000000083000000|  0%| F|  |TAMS 0x0000000082f00000, 0x0000000082f00000| Untracked 
|  48|0x0000000083000000, 0x0000000083000000, 0x0000000083100000|  0%| F|  |TAMS 0x0000000083000000, 0x0000000083000000| Untracked 
|  49|0x0000000083100000, 0x0000000083100000, 0x0000000083200000|  0%| F|  |TAMS 0x0000000083100000, 0x0000000083100000| Untracked 
|  50|0x0000000083200000, 0x0000000083200000, 0x0000000083300000|  0%| F|  |TAMS 0x0000000083200000, 0x0000000083200000| Untracked 
|  51|0x0000000083300000, 0x0000000083300000, 0x0000000083400000|  0%| F|  |TAMS 0x0000000083300000, 0x0000000083300000| Untracked 
|  52|0x0000000083400000, 0x0000000083400000, 0x0000000083500000|  0%| F|  |TAMS 0x0000000083400000, 0x0000000083400000| Untracked 
|  53|0x0000000083500000, 0x0000000083500000, 0x0000000083600000|  0%| F|  |TAMS 0x0000000083500000, 0x0000000083500000| Untracked 
|  54|0x0000000083600000, 0x0000000083600000, 0x0000000083700000|  0%| F|  |TAMS 0x0000000083600000, 0x0000000083600000| Untracked 
|  55|0x0000000083700000, 0x0000000083700000, 0x0000000083800000|  0%| F|  |TAMS 0x0000000083700000, 0x0000000083700000| Untracked 
|  56|0x0000000083800000, 0x0000000083800000, 0x0000000083900000|  0%| F|  |TAMS 0x0000000083800000, 0x0000000083800000| Untracked 
|  57|0x0000000083900000, 0x0000000083900000, 0x0000000083a00000|  0%| F|  |TAMS 0x0000000083900000, 0x0000000083900000| Untracked 
|  58|0x0000000083a00000, 0x0000000083a00000, 0x0000000083b00000|  0%| F|  |TAMS 0x0000000083a00000, 0x0000000083a00000| Untracked 
|  59|0x0000000083b00000, 0x0000000083b00000, 0x0000000083c00000|  0%| F|  |TAMS 0x0000000083b00000, 0x0000000083b00000| Untracked 
|  60|0x0000000083c00000, 0x0000000083c00000, 0x0000000083d00000|  0%| F|  |TAMS 0x0000000083c00000, 0x0000000083c00000| Untracked 
|  61|0x0000000083d00000, 0x0000000083d00000, 0x0000000083e00000|  0%| F|  |TAMS 0x0000000083d00000, 0x0000000083d00000| Untracked 
|  62|0x0000000083e00000, 0x0000000083e00000, 0x0000000083f00000|  0%| F|  |TAMS 0x0000000083e00000, 0x0000000083e00000| Untracked 
|  63|0x0000000083f00000, 0x0000000083f00000, 0x0000000084000000|  0%| F|  |TAMS 0x0000000083f00000, 0x0000000083f00000| Untracked 
|  64|0x0000000084000000, 0x0000000084000000, 0x0000000084100000|  0%| F|  |TAMS 0x0000000084000000, 0x0000000084000000| Untracked 
|  65|0x0000000084100000, 0x0000000084100000, 0x0000000084200000|  0%| F|  |TAMS 0x0000000084100000, 0x0000000084100000| Untracked 
|  66|0x0000000084200000, 0x0000000084200000, 0x0000000084300000|  0%| F|  |TAMS 0x0000000084200000, 0x0000000084200000| Untracked 
|  67|0x0000000084300000, 0x0000000084300000, 0x0000000084400000|  0%| F|  |TAMS 0x0000000084300000, 0x0000000084300000| Untracked 
|  68|0x0000000084400000, 0x0000000084400000, 0x0000000084500000|  0%| F|  |TAMS 0x0000000084400000, 0x0000000084400000| Untracked 
|  69|0x0000000084500000, 0x0000000084500000, 0x0000000084600000|  0%| F|  |TAMS 0x0000000084500000, 0x0000000084500000| Untracked 
|  70|0x0000000084600000, 0x0000000084600000, 0x0000000084700000|  0%| F|  |TAMS 0x0000000084600000, 0x0000000084600000| Untracked 
|  71|0x0000000084700000, 0x0000000084700000, 0x0000000084800000|  0%| F|  |TAMS 0x0000000084700000, 0x0000000084700000| Untracked 
|  72|0x0000000084800000, 0x0000000084800000, 0x0000000084900000|  0%| F|  |TAMS 0x0000000084800000, 0x0000000084800000| Untracked 
|  73|0x0000000084900000, 0x0000000084900000, 0x0000000084a00000|  0%| F|  |TAMS 0x0000000084900000, 0x0000000084900000| Untracked 
|  74|0x0000000084a00000, 0x0000000084a00000, 0x0000000084b00000|  0%| F|  |TAMS 0x0000000084a00000, 0x0000000084a00000| Untracked 
|  75|0x0000000084b00000, 0x0000000084b00000, 0x0000000084c00000|  0%| F|  |TAMS 0x0000000084b00000, 0x0000000084b00000| Untracked 
|  76|0x0000000084c00000, 0x0000000084c00000, 0x0000000084d00000|  0%| F|  |TAMS 0x0000000084c00000, 0x0000000084c00000| Untracked 
|  77|0x0000000084d00000, 0x0000000084d00000, 0x0000000084e00000|  0%| F|  |TAMS 0x0000000084d00000, 0x0000000084d00000| Untracked 
|  78|0x0000000084e00000, 0x0000000084e00000, 0x0000000084f00000|  0%| F|  |TAMS 0x0000000084e00000, 0x0000000084e00000| Untracked 
|  79|0x0000000084f00000, 0x0000000084f00000, 0x0000000085000000|  0%| F|  |TAMS 0x0000000084f00000, 0x0000000084f00000| Untracked 
|  80|0x0000000085000000, 0x0000000085000000, 0x0000000085100000|  0%| F|  |TAMS 0x0000000085000000, 0x0000000085000000| Untracked 
|  81|0x0000000085100000, 0x0000000085100000, 0x0000000085200000|  0%| F|  |TAMS 0x0000000085100000, 0x0000000085100000| Untracked 
|  82|0x0000000085200000, 0x0000000085200000, 0x0000000085300000|  0%| F|  |TAMS 0x0000000085200000, 0x0000000085200000| Untracked 
|  83|0x0000000085300000, 0x0000000085300000, 0x0000000085400000|  0%| F|  |TAMS 0x0000000085300000, 0x0000000085300000| Untracked 
|  84|0x0000000085400000, 0x0000000085400000, 0x0000000085500000|  0%| F|  |TAMS 0x0000000085400000, 0x0000000085400000| Untracked 
|  85|0x0000000085500000, 0x0000000085500000, 0x0000000085600000|  0%| F|  |TAMS 0x0000000085500000, 0x0000000085500000| Untracked 
|  86|0x0000000085600000, 0x0000000085600000, 0x0000000085700000|  0%| F|  |TAMS 0x0000000085600000, 0x0000000085600000| Untracked 
|  87|0x0000000085700000, 0x0000000085700000, 0x0000000085800000|  0%| F|  |TAMS 0x0000000085700000, 0x0000000085700000| Untracked 
|  88|0x0000000085800000, 0x0000000085800000, 0x0000000085900000|  0%| F|  |TAMS 0x0000000085800000, 0x0000000085800000| Untracked 
|  89|0x0000000085900000, 0x0000000085900000, 0x0000000085a00000|  0%| F|  |TAMS 0x0000000085900000, 0x0000000085900000| Untracked 
|  90|0x0000000085a00000, 0x0000000085a00000, 0x0000000085b00000|  0%| F|  |TAMS 0x0000000085a00000, 0x0000000085a00000| Untracked 
|  91|0x0000000085b00000, 0x0000000085b00000, 0x0000000085c00000|  0%| F|  |TAMS 0x0000000085b00000, 0x0000000085b00000| Untracked 
|  92|0x0000000085c00000, 0x0000000085c00000, 0x0000000085d00000|  0%| F|  |TAMS 0x0000000085c00000, 0x0000000085c00000| Untracked 
|  93|0x0000000085d00000, 0x0000000085d00000, 0x0000000085e00000|  0%| F|  |TAMS 0x0000000085d00000, 0x0000000085d00000| Untracked 
|  94|0x0000000085e00000, 0x0000000085e00000, 0x0000000085f00000|  0%| F|  |TAMS 0x0000000085e00000, 0x0000000085e00000| Untracked 
|  95|0x0000000085f00000, 0x0000000085f00000, 0x0000000086000000|  0%| F|  |TAMS 0x0000000085f00000, 0x0000000085f00000| Untracked 
|  96|0x0000000086000000, 0x0000000086000000, 0x0000000086100000|  0%| F|  |TAMS 0x0000000086000000, 0x0000000086000000| Untracked 
|  97|0x0000000086100000, 0x0000000086100000, 0x0000000086200000|  0%| F|  |TAMS 0x0000000086100000, 0x0000000086100000| Untracked 
|  98|0x0000000086200000, 0x0000000086200000, 0x0000000086300000|  0%| F|  |TAMS 0x0000000086200000, 0x0000000086200000| Untracked 
|  99|0x0000000086300000, 0x0000000086300000, 0x0000000086400000|  0%| F|  |TAMS 0x0000000086300000, 0x0000000086300000| Untracked 
| 100|0x0000000086400000, 0x0000000086400000, 0x0000000086500000|  0%| F|  |TAMS 0x0000000086400000, 0x0000000086400000| Untracked 
| 101|0x0000000086500000, 0x0000000086500000, 0x0000000086600000|  0%| F|  |TAMS 0x0000000086500000, 0x0000000086500000| Untracked 
| 102|0x0000000086600000, 0x0000000086600000, 0x0000000086700000|  0%| F|  |TAMS 0x0000000086600000, 0x0000000086600000| Untracked 
| 103|0x0000000086700000, 0x0000000086700000, 0x0000000086800000|  0%| F|  |TAMS 0x0000000086700000, 0x0000000086700000| Untracked 
| 104|0x0000000086800000, 0x0000000086800000, 0x0000000086900000|  0%| F|  |TAMS 0x0000000086800000, 0x0000000086800000| Untracked 
| 105|0x0000000086900000, 0x0000000086900000, 0x0000000086a00000|  0%| F|  |TAMS 0x0000000086900000, 0x0000000086900000| Untracked 
| 106|0x0000000086a00000, 0x0000000086a00000, 0x0000000086b00000|  0%| F|  |TAMS 0x0000000086a00000, 0x0000000086a00000| Untracked 
| 107|0x0000000086b00000, 0x0000000086b00000, 0x0000000086c00000|  0%| F|  |TAMS 0x0000000086b00000, 0x0000000086b00000| Untracked 
| 108|0x0000000086c00000, 0x0000000086c00000, 0x0000000086d00000|  0%| F|  |TAMS 0x0000000086c00000, 0x0000000086c00000| Untracked 
| 109|0x0000000086d00000, 0x0000000086d00000, 0x0000000086e00000|  0%| F|  |TAMS 0x0000000086d00000, 0x0000000086d00000| Untracked 
| 110|0x0000000086e00000, 0x0000000086e00000, 0x0000000086f00000|  0%| F|  |TAMS 0x0000000086e00000, 0x0000000086e00000| Untracked 
| 111|0x0000000086f00000, 0x0000000086f00000, 0x0000000087000000|  0%| F|  |TAMS 0x0000000086f00000, 0x0000000086f00000| Untracked 
| 112|0x0000000087000000, 0x0000000087000000, 0x0000000087100000|  0%| F|  |TAMS 0x0000000087000000, 0x0000000087000000| Untracked 
| 113|0x0000000087100000, 0x0000000087100000, 0x0000000087200000|  0%| F|  |TAMS 0x0000000087100000, 0x0000000087100000| Untracked 
| 114|0x0000000087200000, 0x0000000087200000, 0x0000000087300000|  0%| F|  |TAMS 0x0000000087200000, 0x0000000087200000| Untracked 
| 115|0x0000000087300000, 0x0000000087300000, 0x0000000087400000|  0%| F|  |TAMS 0x0000000087300000, 0x0000000087300000| Untracked 
| 116|0x0000000087400000, 0x0000000087400000, 0x0000000087500000|  0%| F|  |TAMS 0x0000000087400000, 0x0000000087400000| Untracked 
| 117|0x0000000087500000, 0x0000000087500000, 0x0000000087600000|  0%| F|  |TAMS 0x0000000087500000, 0x0000000087500000| Untracked 
| 118|0x0000000087600000, 0x0000000087600000, 0x0000000087700000|  0%| F|  |TAMS 0x0000000087600000, 0x0000000087600000| Untracked 
| 119|0x0000000087700000, 0x0000000087700000, 0x0000000087800000|  0%| F|  |TAMS 0x0000000087700000, 0x0000000087700000| Untracked 
| 120|0x0000000087800000, 0x00000000878c8350, 0x0000000087900000| 78%| E|  |TAMS 0x0000000087800000, 0x0000000087800000| Complete 
| 121|0x0000000087900000, 0x0000000087a00000, 0x0000000087a00000|100%| E|CS|TAMS 0x0000000087900000, 0x0000000087900000| Complete 
| 122|0x0000000087a00000, 0x0000000087b00000, 0x0000000087b00000|100%| E|CS|TAMS 0x0000000087a00000, 0x0000000087a00000| Complete 
| 123|0x0000000087b00000, 0x0000000087c00000, 0x0000000087c00000|100%| E|CS|TAMS 0x0000000087b00000, 0x0000000087b00000| Complete 
| 124|0x0000000087c00000, 0x0000000087d00000, 0x0000000087d00000|100%| E|CS|TAMS 0x0000000087c00000, 0x0000000087c00000| Complete 
| 125|0x0000000087d00000, 0x0000000087e00000, 0x0000000087e00000|100%| E|CS|TAMS 0x0000000087d00000, 0x0000000087d00000| Complete 
| 126|0x0000000087e00000, 0x0000000087f00000, 0x0000000087f00000|100%| E|  |TAMS 0x0000000087e00000, 0x0000000087e00000| Complete 
| 127|0x0000000087f00000, 0x0000000088000000, 0x0000000088000000|100%| E|CS|TAMS 0x0000000087f00000, 0x0000000087f00000| Complete 

Card table byte_map: [0x000001a173050000,0x000001a173450000] _byte_map_base: 0x000001a172c50000

Marking Bits (Prev, Next): (CMBitMap*) 0x000001a16f53c540, (CMBitMap*) 0x000001a16f53c580
 Prev Bits: [0x000001a173850000, 0x000001a175850000)
 Next Bits: [0x000001a175850000, 0x000001a177850000)

Polling page: 0x000001a16d2d0000

Metaspace:

Usage:
  Non-class:      9.98 MB used.
      Class:      1.12 MB used.
       Both:     11.11 MB used.

Virtual space:
  Non-class space:       64.00 MB reserved,      10.12 MB ( 16%) committed,  1 nodes.
      Class space:        1.00 GB reserved,       1.19 MB ( <1%) committed,  1 nodes.
             Both:        1.06 GB reserved,      11.31 MB (  1%) committed. 

Chunk freelists:
   Non-Class:  5.00 MB
       Class:  14.69 MB
        Both:  19.68 MB

MaxMetaspaceSize: unlimited
CompressedClassSpaceSize: 1.00 GB
Initial GC threshold: 21.00 MB
Current GC threshold: 21.00 MB
CDS: off
MetaspaceReclaimPolicy: balanced
 - commit_granule_bytes: 65536.
 - commit_granule_words: 8192.
 - virtual_space_node_default_size: 8388608.
 - enlarge_chunks_in_place: 1.
 - new_chunks_are_fully_committed: 0.
 - uncommit_free_chunks: 1.
 - use_allocation_guard: 0.
 - handle_deallocations: 1.


Internal statistics:

num_allocs_failed_limit: 0.
num_arena_births: 192.
num_arena_deaths: 0.
num_vsnodes_births: 2.
num_vsnodes_deaths: 0.
num_space_committed: 181.
num_space_uncommitted: 0.
num_chunks_returned_to_freelist: 0.
num_chunks_taken_from_freelist: 287.
num_chunk_merges: 0.
num_chunk_splits: 165.
num_chunks_enlarged: 66.
num_inconsistent_stats: 0.

CodeHeap 'non-profiled nmethods': size=120000Kb used=211Kb max_used=211Kb free=119788Kb
 bounds [0x000001a107ad0000, 0x000001a107d40000, 0x000001a10f000000]
CodeHeap 'profiled nmethods': size=120000Kb used=1202Kb max_used=1202Kb free=118797Kb
 bounds [0x000001a100000000, 0x000001a100270000, 0x000001a107530000]
CodeHeap 'non-nmethods': size=5760Kb used=1137Kb max_used=1150Kb free=4622Kb
 bounds [0x000001a107530000, 0x000001a1077a0000, 0x000001a107ad0000]
 total_blobs=1152 nmethods=725 adapters=341
 compilation: enabled
              stopped_count=0, restarted_count=0
 full_count=0

Compilation events (20 events):
Event: 7.390 Thread 0x000001a17e038240 nmethod 691 0x000001a107b02c90 code [0x000001a107b02e20, 0x000001a107b02f68]
Event: 7.391 Thread 0x000001a179d7bb60  693       3       jdk.internal.org.objectweb.asm.Frame::<init> (10 bytes)
Event: 7.391 Thread 0x000001a179d7bb60 nmethod 693 0x000001a10011ec10 code [0x000001a10011eda0, 0x000001a10011ef58]
Event: 7.392 Thread 0x000001a179d7bb60  694       3       jdk.internal.org.objectweb.asm.Frame::accept (264 bytes)
Event: 7.394 Thread 0x000001a179d7bb60 nmethod 694 0x000001a10011f010 code [0x000001a10011f240, 0x000001a10011fb78]
Event: 7.394 Thread 0x000001a179d7bb60  695       3       jdk.internal.org.objectweb.asm.MethodWriter::endCurrentBasicBlockWithNoSuccessor (94 bytes)
Event: 7.395 Thread 0x000001a179d7bb60 nmethod 695 0x000001a10011ff10 code [0x000001a100120100, 0x000001a100120768]
Event: 7.397 Thread 0x000001a179d7bb60  696       3       jdk.internal.org.objectweb.asm.MethodWriter::visitCode (1 bytes)
Event: 7.397 Thread 0x000001a179d7bb60 nmethod 696 0x000001a100120990 code [0x000001a100120b20, 0x000001a100120c38]
Event: 7.410 Thread 0x000001a179d7bb60  697       3       jdk.internal.ref.CleanerImpl::getCleanerImpl (13 bytes)
Event: 7.411 Thread 0x000001a179d7bb60 nmethod 697 0x000001a100120d10 code [0x000001a100120ec0, 0x000001a100121168]
Event: 7.411 Thread 0x000001a179d7bb60  698       3       java.lang.ref.Cleaner$1::apply (9 bytes)
Event: 7.411 Thread 0x000001a179d7bb60 nmethod 698 0x000001a100121290 code [0x000001a100121440, 0x000001a1001216b8]
Event: 7.449 Thread 0x000001a179d7bb60  699       3       java.lang.invoke.InvokerBytecodeGenerator::assertStaticType (58 bytes)
Event: 7.450 Thread 0x000001a179d7bb60 nmethod 699 0x000001a100121790 code [0x000001a100121980, 0x000001a100121e78]
Event: 7.451 Thread 0x000001a179d7bb60  700       3       jdk.internal.org.objectweb.asm.Frame::setInputFrameFromDescriptor (175 bytes)
Event: 7.453 Thread 0x000001a179d7bb60 nmethod 700 0x000001a100122090 code [0x000001a1001222a0, 0x000001a100122a78]
Event: 7.456 Thread 0x000001a17e038240  701       4       jdk.internal.org.objectweb.asm.SymbolTable::addConstantUtf8 (98 bytes)
Event: 7.496 Thread 0x000001a179d7bb60  702       3       java.lang.invoke.LambdaForm::returnType (26 bytes)
Event: 7.497 Thread 0x000001a179d7bb60 nmethod 702 0x000001a100122e90 code [0x000001a100123040, 0x000001a1001231f8]

GC Heap History (0 events):
No events

Dll operation events (1 events):
Event: 0.054 Loaded shared library C:\Bureau\clonne\Nouveau dossier\IntelliJ IDEA 2023.3.4\jbr\bin\java.dll

Deoptimization events (20 events):
Event: 1.801 Thread 0x000001a16f4debb0 Uncommon trap: trap_request=0xffffff45 fr.pc=0x000001a107ad85f8 relative=0x0000000000000158
Event: 1.801 Thread 0x000001a16f4debb0 Uncommon trap: reason=unstable_if action=reinterpret pc=0x000001a107ad85f8 method=java.util.zip.ZipFile$Source.isMetaName([BII)Z @ 15 c2
Event: 1.801 Thread 0x000001a16f4debb0 DEOPT PACKING pc=0x000001a107ad85f8 sp=0x00000040230fd950
Event: 1.801 Thread 0x000001a16f4debb0 DEOPT UNPACKING pc=0x000001a10758699d sp=0x00000040230fd8f8 mode 2
Event: 3.840 Thread 0x000001a16f4debb0 Uncommon trap: trap_request=0xffffff6e fr.pc=0x000001a107aef8c4 relative=0x0000000000000144
Event: 3.840 Thread 0x000001a16f4debb0 Uncommon trap: reason=loop_limit_check action=maybe_recompile pc=0x000001a107aef8c4 method=java.lang.StringLatin1.lastIndexOf([BII)I @ 19 c2
Event: 3.840 Thread 0x000001a16f4debb0 DEOPT PACKING pc=0x000001a107aef8c4 sp=0x00000040230fde90
Event: 3.840 Thread 0x000001a16f4debb0 DEOPT UNPACKING pc=0x000001a10758699d sp=0x00000040230fde10 mode 2
Event: 4.012 Thread 0x000001a16f4debb0 DEOPT PACKING pc=0x000001a100020fe7 sp=0x00000040230fd2f0
Event: 4.012 Thread 0x000001a16f4debb0 DEOPT UNPACKING pc=0x000001a107587124 sp=0x00000040230fc710 mode 0
Event: 4.053 Thread 0x000001a16f4debb0 Uncommon trap: trap_request=0xffffff45 fr.pc=0x000001a107af0574 relative=0x0000000000000074
Event: 4.053 Thread 0x000001a16f4debb0 Uncommon trap: reason=unstable_if action=reinterpret pc=0x000001a107af0574 method=jdk.internal.misc.Unsafe.convEndian(ZI)I @ 4 c2
Event: 4.054 Thread 0x000001a16f4debb0 DEOPT PACKING pc=0x000001a107af0574 sp=0x00000040230fd830
Event: 4.054 Thread 0x000001a16f4debb0 DEOPT UNPACKING pc=0x000001a10758699d sp=0x00000040230fd760 mode 2
Event: 4.054 Thread 0x000001a16f4debb0 Uncommon trap: trap_request=0xffffff45 fr.pc=0x000001a107af0838 relative=0x0000000000000038
Event: 4.054 Thread 0x000001a16f4debb0 Uncommon trap: reason=unstable_if action=reinterpret pc=0x000001a107af0838 method=jdk.internal.misc.Unsafe.convEndian(ZI)I @ 4 c2
Event: 4.054 Thread 0x000001a16f4debb0 DEOPT PACKING pc=0x000001a107af0838 sp=0x00000040230fd7d0
Event: 4.054 Thread 0x000001a16f4debb0 DEOPT UNPACKING pc=0x000001a10758699d sp=0x00000040230fd768 mode 2
Event: 4.104 Thread 0x000001a16f4debb0 DEOPT PACKING pc=0x000001a100015851 sp=0x00000040230fe2a0
Event: 4.104 Thread 0x000001a16f4debb0 DEOPT UNPACKING pc=0x000001a107587124 sp=0x00000040230fd718 mode 0

Classes unloaded (0 events):
No events

Classes redefined (0 events):
No events

Internal exceptions (17 events):
Event: 2.236 Thread 0x000001a16f4debb0 Exception <a 'java/lang/NoSuchMethodError'{0x0000000087c76af0}: 'java.lang.Object java.lang.invoke.DirectMethodHandle$Holder.invokeStatic(java.lang.Object, java.lang.Object, int)'> (0x0000000087c76af0) 
thrown [s\src\hotspot\share\interpreter\linkResolver.cpp, line 771]
Event: 2.243 Thread 0x000001a16f4debb0 Exception <a 'java/lang/NoSuchMethodError'{0x0000000087c828b0}: 'void java.lang.invoke.DelegatingMethodHandle$Holder.delegate(java.lang.Object, java.lang.Object, int, java.lang.Object)'> (0x0000000087c828b0) 
thrown [s\src\hotspot\share\interpreter\linkResolver.cpp, line 771]
Event: 2.244 Thread 0x000001a16f4debb0 Exception <a 'java/lang/NoSuchMethodError'{0x0000000087c86af0}: 'int java.lang.invoke.DirectMethodHandle$Holder.invokeSpecial(java.lang.Object, java.lang.Object, java.lang.Object)'> (0x0000000087c86af0) 
thrown [s\src\hotspot\share\interpreter\linkResolver.cpp, line 771]
Event: 2.330 Thread 0x000001a16f4debb0 Exception <a 'java/lang/NoSuchMethodError'{0x0000000087cbdcf8}: 'void java.lang.invoke.DirectMethodHandle$Holder.invokeStatic(java.lang.Object, java.lang.Object, java.lang.Object)'> (0x0000000087cbdcf8) 
thrown [s\src\hotspot\share\interpreter\linkResolver.cpp, line 771]
Event: 2.389 Thread 0x000001a16f4debb0 Exception <a 'java/lang/NoSuchMethodError'{0x0000000087cca628}: 'java.lang.Object java.lang.invoke.Invokers$Holder.invoke_MT(java.lang.Object, java.lang.Object, java.lang.Object)'> (0x0000000087cca628) 
thrown [s\src\hotspot\share\interpreter\linkResolver.cpp, line 771]
Event: 2.414 Thread 0x000001a16f4debb0 Exception <a 'java/lang/NoSuchMethodError'{0x0000000087cdaa70}: 'void java.lang.invoke.DirectMethodHandle$Holder.invokeStatic(java.lang.Object, java.lang.Object)'> (0x0000000087cdaa70) 
thrown [s\src\hotspot\share\interpreter\linkResolver.cpp, line 771]
Event: 2.418 Thread 0x000001a16f4debb0 Exception <a 'java/lang/NoSuchMethodError'{0x0000000087cde1b8}: 'void java.lang.invoke.DirectMethodHandle$Holder.invokeStaticInit(java.lang.Object, java.lang.Object)'> (0x0000000087cde1b8) 
thrown [s\src\hotspot\share\interpreter\linkResolver.cpp, line 771]
Event: 2.430 Thread 0x000001a16f4debb0 Exception <a 'java/lang/NoSuchMethodError'{0x0000000087ce7f80}: 'void java.lang.invoke.DirectMethodHandle$Holder.invokeInterface(java.lang.Object, java.lang.Object, java.lang.Object)'> (0x0000000087ce7f80) 
thrown [s\src\hotspot\share\interpreter\linkResolver.cpp, line 771]
Event: 2.432 Thread 0x000001a16f4debb0 Exception <a 'java/lang/IncompatibleClassChangeError'{0x0000000087ceb3e0}: Found class java.lang.Object, but interface was expected> (0x0000000087ceb3e0) 
thrown [s\src\hotspot\share\interpreter\linkResolver.cpp, line 838]
Event: 2.444 Thread 0x000001a16f4debb0 Exception <a 'java/lang/IncompatibleClassChangeError'{0x0000000087cec938}: Found class java.lang.Object, but interface was expected> (0x0000000087cec938) 
thrown [s\src\hotspot\share\interpreter\linkResolver.cpp, line 838]
Event: 2.446 Thread 0x000001a16f4debb0 Exception <a 'java/lang/IncompatibleClassChangeError'{0x0000000087ceda30}: Found class java.lang.Object, but interface was expected> (0x0000000087ceda30) 
thrown [s\src\hotspot\share\interpreter\linkResolver.cpp, line 838]
Event: 2.448 Thread 0x000001a16f4debb0 Exception <a 'java/lang/IncompatibleClassChangeError'{0x0000000087ceef10}: Found class java.lang.Object, but interface was expected> (0x0000000087ceef10) 
thrown [s\src\hotspot\share\interpreter\linkResolver.cpp, line 838]
Event: 2.448 Thread 0x000001a16f4debb0 Exception <a 'java/lang/IncompatibleClassChangeError'{0x0000000087cefec8}: Found class java.lang.Object, but interface was expected> (0x0000000087cefec8) 
thrown [s\src\hotspot\share\interpreter\linkResolver.cpp, line 838]
Event: 2.651 Thread 0x000001a16f4debb0 Exception <a 'java/lang/NoSuchMethodError'{0x0000000087cfbd40}: 'java.lang.Object java.lang.invoke.DirectMethodHandle$Holder.invokeStaticInit(java.lang.Object)'> (0x0000000087cfbd40) 
thrown [s\src\hotspot\share\interpreter\linkResolver.cpp, line 771]
Event: 2.893 Thread 0x000001a16f4debb0 Exception <a 'java/lang/NoSuchMethodError'{0x0000000087b5b908}: 'java.lang.Object java.lang.invoke.DirectMethodHandle$Holder.invokeStaticInit(java.lang.Object, int, int, int, int)'> (0x0000000087b5b908) 
thrown [s\src\hotspot\share\interpreter\linkResolver.cpp, line 771]
Event: 3.699 Thread 0x000001a16f4debb0 Exception <a 'java/lang/NoSuchMethodError'{0x0000000087bf4050}: 'java.lang.Object java.lang.invoke.DirectMethodHandle$Holder.invokeStaticInit(java.lang.Object, java.lang.Object, int, int, int, int)'> (0x0000000087bf4050) 
thrown [s\src\hotspot\share\interpreter\linkResolver.cpp, line 771]
Event: 7.372 Thread 0x000001a16f4debb0 Exception <a 'java/lang/NoSuchMethodError'{0x0000000087807868}: 'java.lang.Object java.lang.invoke.Invokers$Holder.linkToTargetMethod(java.lang.Object, long, java.lang.Object)'> (0x0000000087807868) 
thrown [s\src\hotspot\share\interpreter\linkResolver.cpp, line 771]

VM Operations (9 events):
Event: 1.470 Executing VM operation: Cleanup
Event: 1.470 Executing VM operation: Cleanup done
Event: 1.595 Executing VM operation: HandshakeAllThreads
Event: 1.595 Executing VM operation: HandshakeAllThreads done
Event: 2.463 Executing VM operation: HandshakeAllThreads
Event: 2.463 Executing VM operation: HandshakeAllThreads done
Event: 3.465 Executing VM operation: Cleanup
Event: 3.465 Executing VM operation: Cleanup done
Event: 4.472 Executing VM operation: Cleanup

Events (20 events):
Event: 7.375 loading class java/util/regex/MatchResult done
Event: 7.375 loading class java/util/regex/Matcher done
Event: 7.375 loading class java/util/regex/IntHashSet
Event: 7.376 loading class java/util/regex/IntHashSet done
Event: 7.379 loading class java/util/regex/ASCII
Event: 7.380 loading class java/util/regex/ASCII done
Event: 7.383 loading class java/util/Collections$SingletonList
Event: 7.385 loading class java/util/Collections$SingletonList done
Event: 7.385 loading class java/util/Collections$1
Event: 7.386 loading class java/util/Collections$1 done
Event: 7.408 loading class sun/nio/ch/IOStatus
Event: 7.409 loading class sun/nio/ch/IOStatus done
Event: 7.412 loading class sun/rmi/transport/tcp/TCPTransport$ConnectionHandler
Event: 7.413 loading class sun/rmi/transport/tcp/TCPTransport$ConnectionHandler done
Event: 7.413 loading class java/util/concurrent/ThreadPoolExecutor$Worker
Event: 7.414 loading class java/util/concurrent/ThreadPoolExecutor$Worker done
Event: 7.415 loading class java/lang/Thread$State
Event: 7.415 loading class java/lang/Thread$State done
Event: 7.416 Thread 0x000001a17e14f9e0 Thread added: 0x000001a17e14f9e0
Event: 7.416 Thread 0x000001a17e14fec0 Thread added: 0x000001a17e14fec0


Dynamic libraries:
0x00007ff60d520000 - 0x00007ff60d52a000 	C:\Bureau\clonne\Nouveau dossier\IntelliJ IDEA 2023.3.4\jbr\bin\java.exe
0x00007ffd3ab90000 - 0x00007ffd3ada6000 	C:\WINDOWS\SYSTEM32\ntdll.dll
0x00007ffd39ce0000 - 0x00007ffd39da4000 	C:\WINDOWS\System32\KERNEL32.DLL
0x00007ffd382f0000 - 0x00007ffd38697000 	C:\WINDOWS\System32\KERNELBASE.dll
0x00007ffd38740000 - 0x00007ffd38851000 	C:\WINDOWS\System32\ucrtbase.dll
0x00007ffd09ac0000 - 0x00007ffd09ad7000 	C:\Bureau\clonne\Nouveau dossier\IntelliJ IDEA 2023.3.4\jbr\bin\jli.dll
0x00007ffd3a2b0000 - 0x00007ffd3a45e000 	C:\WINDOWS\System32\USER32.dll
0x00007ffd38860000 - 0x00007ffd38886000 	C:\WINDOWS\System32\win32u.dll
0x00007ffd39470000 - 0x00007ffd39499000 	C:\WINDOWS\System32\GDI32.dll
0x00007ffd381d0000 - 0x00007ffd382e9000 	C:\WINDOWS\System32\gdi32full.dll
0x00007ffd386a0000 - 0x00007ffd3873a000 	C:\WINDOWS\System32\msvcp_win.dll
0x00007ffd248a0000 - 0x00007ffd248bb000 	C:\Bureau\clonne\Nouveau dossier\IntelliJ IDEA 2023.3.4\jbr\bin\VCRUNTIME140.dll
0x00007ffd18d30000 - 0x00007ffd18fc3000 	C:\WINDOWS\WinSxS\amd64_microsoft.windows.common-controls_6595b64144ccf1df_6.0.22621.3235_none_270f74e173860f98\COMCTL32.dll
0x00007ffd39200000 - 0x00007ffd392a7000 	C:\WINDOWS\System32\msvcrt.dll
0x00007ffd39c90000 - 0x00007ffd39cc1000 	C:\WINDOWS\System32\IMM32.DLL
0x00007ffd24890000 - 0x00007ffd2489c000 	C:\Bureau\clonne\Nouveau dossier\IntelliJ IDEA 2023.3.4\jbr\bin\vcruntime140_1.dll
0x00007ffd247d0000 - 0x00007ffd2485d000 	C:\Bureau\clonne\Nouveau dossier\IntelliJ IDEA 2023.3.4\jbr\bin\msvcp140.dll
0x00007ffcb9380000 - 0x00007ffcba003000 	C:\Bureau\clonne\Nouveau dossier\IntelliJ IDEA 2023.3.4\jbr\bin\server\jvm.dll
0x00007ffd388c0000 - 0x00007ffd38972000 	C:\WINDOWS\System32\ADVAPI32.dll
0x00007ffd39be0000 - 0x00007ffd39c88000 	C:\WINDOWS\System32\sechost.dll
0x00007ffd38890000 - 0x00007ffd388b8000 	C:\WINDOWS\System32\bcrypt.dll
0x00007ffd3a9b0000 - 0x00007ffd3aac5000 	C:\WINDOWS\System32\RPCRT4.dll
0x00007ffd37d80000 - 0x00007ffd37dcd000 	C:\WINDOWS\SYSTEM32\POWRPROF.dll
0x00007ffd1e210000 - 0x00007ffd1e219000 	C:\WINDOWS\SYSTEM32\WSOCK32.dll
0x00007ffd399a0000 - 0x00007ffd39a11000 	C:\WINDOWS\System32\WS2_32.dll
0x00007ffd30090000 - 0x00007ffd300c4000 	C:\WINDOWS\SYSTEM32\WINMM.dll
0x00007ffd22310000 - 0x00007ffd2231a000 	C:\WINDOWS\SYSTEM32\VERSION.dll
0x00007ffd37d60000 - 0x00007ffd37d73000 	C:\WINDOWS\SYSTEM32\UMPDC.dll
0x00007ffd36eb0000 - 0x00007ffd36ec8000 	C:\WINDOWS\SYSTEM32\kernel.appcore.dll
0x00007ffd24a80000 - 0x00007ffd24a8a000 	C:\Bureau\clonne\Nouveau dossier\IntelliJ IDEA 2023.3.4\jbr\bin\jimage.dll
0x00007ffd35450000 - 0x00007ffd35683000 	C:\WINDOWS\SYSTEM32\DBGHELP.DLL
0x00007ffd394b0000 - 0x00007ffd39838000 	C:\WINDOWS\System32\combase.dll
0x00007ffd3a460000 - 0x00007ffd3a537000 	C:\WINDOWS\System32\OLEAUT32.dll
0x00007ffd227e0000 - 0x00007ffd22812000 	C:\WINDOWS\SYSTEM32\dbgcore.DLL
0x00007ffd37f20000 - 0x00007ffd37f99000 	C:\WINDOWS\System32\bcryptPrimitives.dll
0x00007ffd00a30000 - 0x00007ffd00a55000 	C:\Bureau\clonne\Nouveau dossier\IntelliJ IDEA 2023.3.4\jbr\bin\java.dll
0x00007ffd0f270000 - 0x00007ffd0f288000 	C:\Bureau\clonne\Nouveau dossier\IntelliJ IDEA 2023.3.4\jbr\bin\zip.dll
0x00007ffd389a0000 - 0x00007ffd391fc000 	C:\WINDOWS\System32\SHELL32.dll
0x00007ffd35dc0000 - 0x00007ffd366b9000 	C:\WINDOWS\SYSTEM32\windows.storage.dll
0x00007ffd35690000 - 0x00007ffd357ce000 	C:\WINDOWS\SYSTEM32\wintypes.dll
0x00007ffd392b0000 - 0x00007ffd393a3000 	C:\WINDOWS\System32\SHCORE.dll
0x00007ffd39db0000 - 0x00007ffd39e0e000 	C:\WINDOWS\System32\shlwapi.dll
0x00007ffd37de0000 - 0x00007ffd37e01000 	C:\WINDOWS\SYSTEM32\profapi.dll
0x00007ffd0ae90000 - 0x00007ffd0aea9000 	C:\Bureau\clonne\Nouveau dossier\IntelliJ IDEA 2023.3.4\jbr\bin\net.dll
0x00007ffd303f0000 - 0x00007ffd30526000 	C:\WINDOWS\SYSTEM32\WINHTTP.dll
0x00007ffd37310000 - 0x00007ffd37379000 	C:\WINDOWS\system32\mswsock.dll
0x00007ffd0aae0000 - 0x00007ffd0aaf6000 	C:\Bureau\clonne\Nouveau dossier\IntelliJ IDEA 2023.3.4\jbr\bin\nio.dll
0x00007ffd36920000 - 0x00007ffd3694d000 	C:\WINDOWS\SYSTEM32\IPHLPAPI.DLL
0x00007ffd394a0000 - 0x00007ffd394a9000 	C:\WINDOWS\System32\NSI.dll
0x00007ffd300d0000 - 0x00007ffd300e9000 	C:\WINDOWS\SYSTEM32\dhcpcsvc6.DLL
0x00007ffd2ffb0000 - 0x00007ffd2ffcf000 	C:\WINDOWS\SYSTEM32\dhcpcsvc.DLL
0x00007ffd36990000 - 0x00007ffd36a89000 	C:\WINDOWS\SYSTEM32\DNSAPI.dll
0x00007ffd37660000 - 0x00007ffd3767b000 	C:\WINDOWS\SYSTEM32\CRYPTSP.dll
0x00007ffd36e10000 - 0x00007ffd36e45000 	C:\WINDOWS\system32\rsaenh.dll
0x00007ffd373b0000 - 0x00007ffd373d8000 	C:\WINDOWS\SYSTEM32\USERENV.dll
0x00007ffd37640000 - 0x00007ffd3764c000 	C:\WINDOWS\SYSTEM32\CRYPTBASE.dll
0x00007ffd0fb30000 - 0x00007ffd0fb39000 	C:\Bureau\clonne\Nouveau dossier\IntelliJ IDEA 2023.3.4\jbr\bin\extnet.dll
0x00007ffd00a60000 - 0x00007ffd00a67000 	C:\Bureau\clonne\Nouveau dossier\IntelliJ IDEA 2023.3.4\jbr\bin\rmi.dll

dbghelp: loaded successfully - version: 4.0.5 - missing functions: none
symbol engine: initialized successfully - sym options: 0x614 - pdb path: .;C:\Bureau\clonne\Nouveau dossier\IntelliJ IDEA 2023.3.4\jbr\bin;C:\WINDOWS\SYSTEM32;C:\WINDOWS\WinSxS\amd64_microsoft.windows.common-controls_6595b64144ccf1df_6.0.22621.3235_none_270f74e173860f98;C:\Bureau\clonne\Nouveau dossier\IntelliJ IDEA 2023.3.4\jbr\bin\server

VM Arguments:
jvm_args: -Djava.rmi.server.hostname=127.0.0.1 -Duser.timezone=UTC -Xmx2048m -Xms128m -Djdbc.classpath=C:\Bureau\clonne\Nouveau dossier\IntelliJ IDEA 2023.3.4\plugins\DatabaseTools\lib\jdbc-console.jar;C:\Users\user\AppData\Roaming\JetBrains\IntelliJIdea2023.3\jdbc-drivers\PostgreSQL\42.6.0\org\postgresql\postgresql\42.6.0\postgresql-42.6.0.jar;C:\Users\user\AppData\Roaming\JetBrains\IntelliJIdea2023.3\jdbc-drivers\PostgreSQL\42.6.0\org\checkerframework\checker-qual\3.31.0\checker-qual-3.31.0.jar;C:\Users\user\AppData\Roaming\JetBrains\IntelliJIdea2023.3\jdbc-drivers\PostgreSQL\42.6.0\com\github\waffle\waffle-jna\1.9.1\waffle-jna-1.9.1.jar;C:\Users\user\AppData\Roaming\JetBrains\IntelliJIdea2023.3\jdbc-drivers\PostgreSQL\42.6.0\net\java\dev\jna\jna\4.5.1\jna-4.5.1.jar;C:\Users\user\AppData\Roaming\JetBrains\IntelliJIdea2023.3\jdbc-drivers\PostgreSQL\42.6.0\net\java\dev\jna\jna-platform\4.5.1\jna-platform-4.5.1.jar;C:\Users\user\AppData\Roaming\JetBrains\IntelliJIdea2023.3\jdbc-drivers\PostgreSQL\42.6.0\org\slf4j\jcl-over-slf4j\1.7.25\jcl-over-slf4j-1.7.25.jar;C:\Users\user\AppData\Roaming\JetBrains\IntelliJIdea2023.3\jdbc-drivers\PostgreSQL\42.6.0\org\slf4j\slf4j-api\1.7.25\slf4j-api-1.7.25.jar;C:\Users\user\AppData\Roaming\JetBrains\IntelliJIdea2023.3\jdbc-drivers\PostgreSQL\42.6.0\com\github\ben-manes\caffeine\caffeine\2.6.2\caffeine-2.6.2.jar --add-exports=java.desktop/sun.awt=ALL-UNNAMED --add-exports=java.desktop/java.awt.peer=ALL-UNNAMED --add-opens=java.desktop/java.awt=ALL-UNNAMED --add-opens=jdk.unsupported/sun.misc=ALL-UNNAMED --add-opens=java.base/java.nio=ALL-UNNAMED --add-opens=java.base/java.util=ALL-UNNAMED -Dfile.encoding=UTF-8 
java_command: com.intellij.database.remote.RemoteJdbcServer org.postgresql.Driver
java_class_path (initial): C:\Bureau\clonne\Nouveau dossier\IntelliJ IDEA 2023.3.4\lib\util_rt.jar;C:\Bureau\clonne\Nouveau dossier\IntelliJ IDEA 2023.3.4\lib\util-8.jar;C:\Bureau\clonne\Nouveau dossier\IntelliJ IDEA 2023.3.4\lib\groovy.jar;C:\Bureau\clonne\Nouveau dossier\IntelliJ IDEA 2023.3.4\plugins\DatabaseTools\lib\jdbc-console.jar;C:\Bureau\clonne\Nouveau dossier\IntelliJ IDEA 2023.3.4\plugins\grid-core-impl\lib\jdbc-console-types.jar;C:\Bureau\clonne\Nouveau dossier\IntelliJ IDEA 2023.3.4\lib\util.jar
Launcher Type: SUN_STANDARD

[Global flags]
     intx CICompilerCount                          = 3                                         {product} {ergonomic}
     uint ConcGCThreads                            = 1                                         {product} {ergonomic}
     uint G1ConcRefinementThreads                  = 4                                         {product} {ergonomic}
   size_t G1HeapRegionSize                         = 1048576                                   {product} {ergonomic}
    uintx GCDrainStackTargetSize                   = 64                                        {product} {ergonomic}
   size_t InitialHeapSize                          = 134217728                                 {product} {command line}
   size_t MarkStackSize                            = 4194304                                   {product} {ergonomic}
   size_t MaxHeapSize                              = 2147483648                                {product} {command line}
   size_t MaxNewSize                               = 1287651328                                {product} {ergonomic}
   size_t MinHeapDeltaBytes                        = 1048576                                   {product} {ergonomic}
   size_t MinHeapSize                              = 134217728                                 {product} {command line}
    uintx NonNMethodCodeHeapSize                   = 5832780                                {pd product} {ergonomic}
    uintx NonProfiledCodeHeapSize                  = 122912730                              {pd product} {ergonomic}
    uintx ProfiledCodeHeapSize                     = 122912730                              {pd product} {ergonomic}
    uintx ReservedCodeCacheSize                    = 251658240                              {pd product} {ergonomic}
     bool SegmentedCodeCache                       = true                                      {product} {ergonomic}
   size_t SoftMaxHeapSize                          = 2147483648                             {manageable} {ergonomic}
     bool UseCompressedClassPointers               = true                           {product lp64_product} {ergonomic}
     bool UseCompressedOops                        = true                           {product lp64_product} {ergonomic}
     bool UseG1GC                                  = true                                      {product} {ergonomic}
     bool UseLargePagesIndividualAllocation        = false                                  {pd product} {ergonomic}

Logging:
Log output configuration:
 #0: stdout all=warning uptime,level,tags
 #1: stderr all=off uptime,level,tags

Environment Variables:
PATH=C:\Python312\Scripts\;C:\Python312\;C:\Program Files\Common Files\Oracle\Java\javapath;C:\WINDOWS\system32;C:\WINDOWS;C:\WINDOWS\System32\Wbem;C:\WINDOWS\System32\WindowsPowerShell\v1.0\;C:\WINDOWS\System32\OpenSSH\;C:\Program Files (x86)\Microsoft VS Code\bin;C:\ProgramData\chocolatey\bin;C:\Program Files\Git\cmd;C:\Program Files\Docker\Docker\resources\bin;C:\Users\user\AppData\Roaming\nvm;C:\Program Files\nodejs;C:\Users\user\AppData\Roaming\nvm;C:\Users\user\AppData\Local\Microsoft\WindowsApps;C:\Program Files\JetBrains\IntelliJ IDEA Community Edition 2023.3.4\bin;C:\Bureau\clonne\Nouveau dossier\IntelliJ IDEA 2023.3.4\bin;
USERNAME=user
OS=Windows_NT
PROCESSOR_IDENTIFIER=Intel64 Family 6 Model 122 Stepping 1, GenuineIntel
TMP=C:\Users\user\AppData\Local\Temp
TEMP=C:\Users\user\AppData\Local\Temp



Periodic native trim disabled

JNI global refs:
JNI global refs: 16, weak refs: 0

JNI global refs memory usage: 843, weak refs: 209

OOME stack traces (most recent first):
Classloader memory used:
Loader bootstrap                                                                       : 1404K
Loader jdk.internal.loader.ClassLoaders$AppClassLoader                                 : 20670B
Loader jdk.internal.loader.ClassLoaders$PlatformClassLoader                            : 5534B
Loader com.intellij.database.remote.jdbc.impl.JdbcClassLoader$JdbcClassLoaderImpl      : 4462B
Loader jdk.internal.reflect.DelegatingClassLoader                                      : 2958B


---------------  S Y S T E M  ---------------

OS:
 Windows 11 , 64 bit Build 22621 (10.0.22621.3374)
OS uptime: 0 days 18:19 hours
Hyper-V role detected

CPU: total 4 (initial active 4) (4 cores per cpu, 1 threads per core) family 6 model 122 stepping 1 microcode 0x34, cx8, cmov, fxsr, mmx, 3dnowpref, sse, sse2, sse3, ssse3, sse4.1, sse4.2, popcnt, tsc, tscinvbit, aes, erms, clmul, sha, clflush, clflushopt, hv
Processor Information for all 4 processors :
  Max Mhz: 1501, Current Mhz: 1501, Mhz Limit: 1501

Memory: 4k page, system-wide physical 7840M (428M free)
TotalPageFile size 15856M (AvailPageFile size 6M)
current process WorkingSet (physical memory assigned to process): 55M, peak: 55M
current process commit charge ("private bytes"): 207M, peak: 208M

vm_info: OpenJDK 64-Bit Server VM (17.0.10+1-b1087.17) for windows-amd64 JRE (17.0.10+1-b1087.17), built on 2024-01-19 by "builduser" with MS VC++ 16.10 / 16.11 (VS2019)

END.
